#
# A fatal error has been detected by the Java Runtime Environment:
#
#  EXCEPTION_ACCESS_VIOLATION (0xc0000005) at pc=0x00007ffc60c24760, pid=14836, tid=3860
#
# JRE version: Java(TM) SE Runtime Environment 18.9 (11.0.15+8) (build 11.0.15+8-LTS-149)
# Java VM: Java HotSpot(TM) 64-Bit Server VM 18.9 (11.0.15+8-LTS-149, mixed mode, tiered, compressed oops, g1 gc, windows-amd64)
# Problematic frame:
# V  [jvm.dll+0x6f4760]
#
# No core dump will be written. Minidumps are not enabled by default on client versions of Windows
#
# If you would like to submit a bug report, please visit:
#   https://bugreport.java.com/bugreport/crash.jsp
#

---------------  S U M M A R Y ------------

Command Line: -Dgroovy.home=C:\Users\Balasubramaniam/.groovy -Djava.system.class.loader=groovy.lang.GroovyClassLoader -Dfile.encoding=windows-1252 org.codehaus.groovy.tools.GroovyStarter --classpath C:\Users\Balasubramaniam\.p2\pool\plugins\org.codehaus.groovy_4.0.9.v202302150023-e2209\lib\groovy-4.0.9.jar;C:\Users\Balasubramaniam\.p2\pool\plugins\org.codehaus.groovy_4.0.9.v202302150023-e2209\lib\ivy-2.5.1.jar;D:\Users\Balasubramaniam\git\repository\groovyeduramp\day1project\bin;D:\Users\Balasubramaniam\git\repository\groovyeduramp\day1project\src;E:\software\A08\file\groovy-xml-3.0.9.jar;E:\software\A08\file\groovy-json-3.0.9.jar;C:\Users\Balasubramaniam\Downloads\groovy-swing-4.0.2.jar --main groovy.console.ui.Console D:\Users\Balasubramaniam\git\repository\groovyeduramp\day1project\src\com\optum\day1project\utilities\ConfigSlurpurDemo.groovy

Host: Intel(R) Core(TM) i7-8550U CPU @ 1.80GHz, 8 cores, 15G,  Windows 11 , 64 bit Build 22621 (10.0.22621.1194)
Time: Wed Feb 22 14:04:31 2023 India Standard Time elapsed time: 22.107109 seconds (0d 0h 0m 22s)

---------------  T H R E A D  ---------------

Current thread (0x000001e69c165800):  JavaThread "Thread-0" [_thread_in_vm, id=3860, stack(0x0000001df0e00000,0x0000001df0f00000)]

Stack: [0x0000001df0e00000,0x0000001df0f00000],  sp=0x0000001df0efbd98,  free space=1007k
Native frames: (J=compiled Java code, j=interpreted, Vv=VM code, C=native code)
V  [jvm.dll+0x6f4760]

Java frames: (J=compiled Java code, j=interpreted, Vv=VM code)
j  com.optum.day1project.utilities.JavaConfig.main([Ljava/lang/String;)V+4
v  ~StubRoutines::call_stub
J 3880  jdk.internal.reflect.NativeMethodAccessorImpl.invoke0(Ljava/lang/reflect/Method;Ljava/lang/Object;[Ljava/lang/Object;)Ljava/lang/Object; java.base@11.0.15 (0 bytes) @ 0x000001e687cd3c4f [0x000001e687cd3bc0+0x000000000000008f]
J 3524 c1 jdk.internal.reflect.NativeMethodAccessorImpl.invoke(Ljava/lang/Object;[Ljava/lang/Object;)Ljava/lang/Object; java.base@11.0.15 (104 bytes) @ 0x000001e680d35f44 [0x000001e680d352a0+0x0000000000000ca4]
J 3514 c1 jdk.internal.reflect.DelegatingMethodAccessorImpl.invoke(Ljava/lang/Object;[Ljava/lang/Object;)Ljava/lang/Object; java.base@11.0.15 (10 bytes) @ 0x000001e680d30e4c [0x000001e680d30d40+0x000000000000010c]
J 3530 c1 org.codehaus.groovy.reflection.CachedMethod.invoke(Ljava/lang/Object;[Ljava/lang/Object;)Ljava/lang/Object; (96 bytes) @ 0x000001e680d38064 [0x000001e680d37620+0x0000000000000a44]
J 3523 c1 groovy.lang.MetaMethod.doMethodInvoke(Ljava/lang/Object;[Ljava/lang/Object;)Ljava/lang/Object; (22 bytes) @ 0x000001e680d34a44 [0x000001e680d34900+0x0000000000000144]
j  groovy.lang.MetaClassImpl.invokeStaticMethod(Ljava/lang/Object;Ljava/lang/String;[Ljava/lang/Object;)Ljava/lang/Object;+103
J 3947 c1 org.codehaus.groovy.runtime.InvokerHelper.invokeMethod(Ljava/lang/Object;Ljava/lang/String;Ljava/lang/Object;)Ljava/lang/Object; (95 bytes) @ 0x000001e680e2669c [0x000001e680e24e20+0x000000000000187c]
j  groovy.lang.GroovyShell.runScriptOrMainOrTestOrRunnable(Ljava/lang/Class;[Ljava/lang/String;)Ljava/lang/Object;+71
j  groovy.lang.GroovyShell.run(Lgroovy/lang/GroovyCodeSource;[Ljava/lang/String;)Ljava/lang/Object;+9
j  groovy.lang.GroovyShell.run(Ljava/lang/String;Ljava/lang/String;[Ljava/lang/String;)Ljava/lang/Object;+20
j  groovy.lang.GroovyShell.run(Ljava/lang/String;Ljava/lang/String;Ljava/util/List;)Ljava/lang/Object;+15
j  groovy.console.ui.Console$GroovySourceType.run(Ljava/lang/String;)Ljava/lang/Object;+103
j  groovy.console.ui.Console.doRun(ZLgroovy/console/ui/Console$SourceType;Lgroovy/console/ui/HistoryRecord;)Lgroovy/lang/Tuple2;+21
v  ~StubRoutines::call_stub
J 3880  jdk.internal.reflect.NativeMethodAccessorImpl.invoke0(Ljava/lang/reflect/Method;Ljava/lang/Object;[Ljava/lang/Object;)Ljava/lang/Object; java.base@11.0.15 (0 bytes) @ 0x000001e687cd3c4f [0x000001e687cd3bc0+0x000000000000008f]
J 3524 c1 jdk.internal.reflect.NativeMethodAccessorImpl.invoke(Ljava/lang/Object;[Ljava/lang/Object;)Ljava/lang/Object; java.base@11.0.15 (104 bytes) @ 0x000001e680d35f44 [0x000001e680d352a0+0x0000000000000ca4]
J 3514 c1 jdk.internal.reflect.DelegatingMethodAccessorImpl.invoke(Ljava/lang/Object;[Ljava/lang/Object;)Ljava/lang/Object; java.base@11.0.15 (10 bytes) @ 0x000001e680d30e4c [0x000001e680d30d40+0x000000000000010c]
J 3530 c1 org.codehaus.groovy.reflection.CachedMethod.invoke(Ljava/lang/Object;[Ljava/lang/Object;)Ljava/lang/Object; (96 bytes) @ 0x000001e680d38064 [0x000001e680d37620+0x0000000000000a44]
J 3523 c1 groovy.lang.MetaMethod.doMethodInvoke(Ljava/lang/Object;[Ljava/lang/Object;)Ljava/lang/Object; (22 bytes) @ 0x000001e680d34a44 [0x000001e680d34900+0x0000000000000144]
j  org.codehaus.groovy.runtime.metaclass.ClosureMetaClass.invokeMethod(Ljava/lang/Class;Ljava/lang/Object;Ljava/lang/String;[Ljava/lang/Object;ZZ)Ljava/lang/Object;+606
J 3545 c1 groovy.lang.MetaClassImpl.invokeMethod(Ljava/lang/Object;Ljava/lang/String;[Ljava/lang/Object;)Ljava/lang/Object; (14 bytes) @ 0x000001e680d4166c [0x000001e680d41540+0x000000000000012c]
J 4411 c1 java.lang.invoke.LambdaForm$DMH.invokeInterface(Ljava/lang/Object;Ljava/lang/Object;Ljava/lang/Object;Ljava/lang/Object;Ljava/lang/Object;)Ljava/lang/Object; java.base@11.0.15 (33 bytes) @ 0x000001e680f4d26c [0x000001e680f4cb80+0x00000000000006ec]
J 4417 c1 java.lang.invoke.LambdaForm$MH.invoke(Ljava/lang/Object;Ljava/lang/Object;Ljava/lang/Object;Ljava/lang/Object;)Ljava/lang/Object; java.base@11.0.15 (31 bytes) @ 0x000001e680f54894 [0x000001e680f54460+0x0000000000000434]
j  java.lang.invoke.LambdaForm$MH.invoke(Ljava/lang/Object;Ljava/lang/Object;Ljava/lang/Object;Ljava/lang/Object;Ljava/lang/Object;)Ljava/lang/Object;+70 java.base@11.0.15
j  java.lang.invoke.LambdaForm$MH.guardWithCatch(Ljava/lang/Object;Ljava/lang/Object;Ljava/lang/Object;Ljava/lang/Object;Ljava/lang/Object;)Ljava/lang/Object;+45 java.base@11.0.15
J 3648 c1 java.lang.invoke.LambdaForm$MH.reinvoke(Ljava/lang/Object;Ljava/lang/Object;Ljava/lang/Object;Ljava/lang/Object;Ljava/lang/Object;)Ljava/lang/Object; java.base@11.0.15 (29 bytes) @ 0x000001e680daa45c [0x000001e680da9f60+0x00000000000004fc]
J 3667 c1 java.lang.invoke.LambdaForm$MH.guard(Ljava/lang/Object;Ljava/lang/Object;Ljava/lang/Object;Ljava/lang/Object;Ljava/lang/Object;)Ljava/lang/Object; java.base@11.0.15 (109 bytes) @ 0x000001e680db4fc4 [0x000001e680db4560+0x0000000000000a64]
J 3648 c1 java.lang.invoke.LambdaForm$MH.reinvoke(Ljava/lang/Object;Ljava/lang/Object;Ljava/lang/Object;Ljava/lang/Object;Ljava/lang/Object;)Ljava/lang/Object; java.base@11.0.15 (29 bytes) @ 0x000001e680daa45c [0x000001e680da9f60+0x00000000000004fc]
J 3667 c1 java.lang.invoke.LambdaForm$MH.guard(Ljava/lang/Object;Ljava/lang/Object;Ljava/lang/Object;Ljava/lang/Object;Ljava/lang/Object;)Ljava/lang/Object; java.base@11.0.15 (109 bytes) @ 0x000001e680db4fc4 [0x000001e680db4560+0x0000000000000a64]
J 3648 c1 java.lang.invoke.LambdaForm$MH.reinvoke(Ljava/lang/Object;Ljava/lang/Object;Ljava/lang/Object;Ljava/lang/Object;Ljava/lang/Object;)Ljava/lang/Object; java.base@11.0.15 (29 bytes) @ 0x000001e680daa45c [0x000001e680da9f60+0x00000000000004fc]
j  java.lang.invoke.LambdaForm$MH.invoke(Ljava/lang/Object;Ljava/lang/Object;)Ljava/lang/Object;+131 java.base@11.0.15
J 3740 c2 org.codehaus.groovy.vmplugin.v8.IndyInterface.fromCache(Ljava/lang/invoke/MutableCallSite;Ljava/lang/Class;Ljava/lang/String;ILjava/lang/Boolean;Ljava/lang/Boolean;Ljava/lang/Boolean;Ljava/lang/Object;[Ljava/lang/Object;)Ljava/lang/Object; (144 bytes) @ 0x000001e687caba50 [0x000001e687cab320+0x0000000000000730]
J 3729 c2 java.lang.invoke.LambdaForm$DMH.invokeStatic(Ljava/lang/Object;Ljava/lang/Object;Ljava/lang/Object;Ljava/lang/Object;ILjava/lang/Object;Ljava/lang/Object;Ljava/lang/Object;Ljava/lang/Object;Ljava/lang/Object;)Ljava/lang/Object; java.base@11.0.15 (30 bytes) @ 0x000001e687caa584 [0x000001e687caa520+0x0000000000000064]
J 3741 c1 java.lang.invoke.LambdaForm$MH.invoke(Ljava/lang/Object;Ljava/lang/Object;Ljava/lang/Object;Ljava/lang/Object;Ljava/lang/Object;)Ljava/lang/Object; java.base@11.0.15 (109 bytes) @ 0x000001e680de982c [0x000001e680de8da0+0x0000000000000a8c]
J 4435 c1 java.lang.invoke.Invokers$Holder.linkToCallSite(Ljava/lang/Object;Ljava/lang/Object;Ljava/lang/Object;Ljava/lang/Object;Ljava/lang/Object;)Ljava/lang/Object; java.base@11.0.15 (23 bytes) @ 0x000001e680f63ff4 [0x000001e680f63ae0+0x0000000000000514]
j  groovy.console.ui.Console$_runScriptImpl_closure23.doCall(Ljava/lang/Object;)Ljava/lang/Object;+170
j  groovy.console.ui.Console$_runScriptImpl_closure23.doCall()Ljava/lang/Object;+2
v  ~StubRoutines::call_stub
J 3880  jdk.internal.reflect.NativeMethodAccessorImpl.invoke0(Ljava/lang/reflect/Method;Ljava/lang/Object;[Ljava/lang/Object;)Ljava/lang/Object; java.base@11.0.15 (0 bytes) @ 0x000001e687cd3c4f [0x000001e687cd3bc0+0x000000000000008f]
J 3524 c1 jdk.internal.reflect.NativeMethodAccessorImpl.invoke(Ljava/lang/Object;[Ljava/lang/Object;)Ljava/lang/Object; java.base@11.0.15 (104 bytes) @ 0x000001e680d35f44 [0x000001e680d352a0+0x0000000000000ca4]
J 3514 c1 jdk.internal.reflect.DelegatingMethodAccessorImpl.invoke(Ljava/lang/Object;[Ljava/lang/Object;)Ljava/lang/Object; java.base@11.0.15 (10 bytes) @ 0x000001e680d30e4c [0x000001e680d30d40+0x000000000000010c]
J 3530 c1 org.codehaus.groovy.reflection.CachedMethod.invoke(Ljava/lang/Object;[Ljava/lang/Object;)Ljava/lang/Object; (96 bytes) @ 0x000001e680d38064 [0x000001e680d37620+0x0000000000000a44]
J 3523 c1 groovy.lang.MetaMethod.doMethodInvoke(Ljava/lang/Object;[Ljava/lang/Object;)Ljava/lang/Object; (22 bytes) @ 0x000001e680d34a44 [0x000001e680d34900+0x0000000000000144]
j  org.codehaus.groovy.runtime.metaclass.ClosureMetaClass.invokeMethod(Ljava/lang/Class;Ljava/lang/Object;Ljava/lang/String;[Ljava/lang/Object;ZZ)Ljava/lang/Object;+229
J 3545 c1 groovy.lang.MetaClassImpl.invokeMethod(Ljava/lang/Object;Ljava/lang/String;[Ljava/lang/Object;)Ljava/lang/Object; (14 bytes) @ 0x000001e680d4166c [0x000001e680d41540+0x000000000000012c]
J 4722 c1 groovy.lang.Closure.call([Ljava/lang/Object;)Ljava/lang/Object; (30 bytes) @ 0x000001e680fe20fc [0x000001e680fe1f20+0x00000000000001dc]
j  groovy.lang.Closure.call()Ljava/lang/Object;+4
j  groovy.lang.Closure.run()V+1
j  java.lang.Thread.run()V+11 java.base@11.0.15
v  ~StubRoutines::call_stub

siginfo: EXCEPTION_ACCESS_VIOLATION (0xc0000005), reading address 0x0000000000000002


Register to memory mapping:

RIP=0x00007ffc60c24760 jvm.dll
RAX=0x000000000000ffff is an unknown value
RBX=0x0000000000000046 is an unknown value
RCX=0x0 is NULL
RDX=0x0000000000000030 is an unknown value
RSP=0x0000001df0efbd98 is pointing into the stack for thread: 0x000001e69c165800
RBP=0x0 is NULL
RSI=0x000001e699bc6080 points into unknown readable memory: 0x000000000000006b | 6b 00 00 00 00 00 00 00
RDI=0x000001e699bb13a0 points into unknown readable memory: 0x34000000a400036f | 6f 03 00 a4 00 00 00 34
R8 =0x00000000000f422f is an unknown value
R9 =0x0000001df0efbd10 is pointing into the stack for thread: 0x000001e69c165800
R10=0x0 is NULL
R11=0x0100000000000000 is an unknown value
R12=0x0000001df0efc080 is pointing into the stack for thread: 0x000001e69c165800
R13=0x00000000ffffffef is an unknown value
R14=0x000001e699c37158 points into unknown readable memory: 0x616ac7b9ffff0025 | 25 00 ff ff b9 c7 6a 61
R15=0x00000000000f422f is an unknown value


Registers:
RAX=0x000000000000ffff, RBX=0x0000000000000046, RCX=0x0000000000000000, RDX=0x0000000000000030
RSP=0x0000001df0efbd98, RBP=0x0000000000000000, RSI=0x000001e699bc6080, RDI=0x000001e699bb13a0
R8 =0x00000000000f422f, R9 =0x0000001df0efbd10, R10=0x0000000000000000, R11=0x0100000000000000
R12=0x0000001df0efc080, R13=0x00000000ffffffef, R14=0x000001e699c37158, R15=0x00000000000f422f
RIP=0x00007ffc60c24760, EFLAGS=0x0000000000010286

Top of Stack: (sp=0x0000001df0efbd98)
0x0000001df0efbd98:   00007ffc60bb4dca 000001e6f7106130
0x0000001df0efbda8:   00007ffc60898f24 0000000000000000
0x0000001df0efbdb8:   0000000709c5a858 0000000000000046
0x0000001df0efbdc8:   00007ffc60c2a50c 000001e6f7106130
0x0000001df0efbdd8:   00000000a400036f 00000007000001da
0x0000001df0efbde8:   00000000a400036f 00000000000f422f
0x0000001df0efbdf8:   000001e699c37158 0000000000000000
0x0000001df0efbe08:   0000001df0efbe50 0000001df0efc080
0x0000001df0efbe18:   0000001df0efc080 0000001df0efc0c0
0x0000001df0efbe28:   00007ffc6076cc6a 000001e699c37158
0x0000001df0efbe38:   00000000000f422f 000000070a5a53b0
0x0000001df0efbe48:   000001e6a3f0b518 000001e69c165800
0x0000001df0efbe58:   000001e69cd4e410 0000000000000001
0x0000001df0efbe68:   0000000000000001 000001e6a3f0b518
0x0000001df0efbe78:   00007ffc60a507f8 0000000000000000
0x0000001df0efbe88:   0000001df0efbf39 000001e69c165800 

Instructions: (pc=0x00007ffc60c24760)
0x00007ffc60c24740:   0f b7 41 02 66 85 c0 78 0f 48 8b d1 b9 00 00 ff
0x00007ffc60c24750:   ff 48 ff 25 70 59 30 00 c3 cc cc cc cc cc cc cc
0x00007ffc60c24760:   0f b7 41 02 66 85 c0 78 0f 48 8b d1 b9 00 00 01
0x00007ffc60c24770:   00 48 ff 25 50 59 30 00 c3 cc cc cc cc cc cc cc 


Stack slot to memory mapping:
stack at sp + 0 slots: 0x00007ffc60bb4dca jvm.dll
stack at sp + 1 slots: 0x000001e6f7106130 points into unknown readable memory: 0x0000000000000001 | 01 00 00 00 00 00 00 00
stack at sp + 2 slots: 0x00007ffc60898f24 jvm.dll
stack at sp + 3 slots: 0x0 is NULL
stack at sp + 4 slots: 0x0000000709c5a858 is an oop: java.lang.ExceptionInInitializerError 
{0x0000000709c5a858} - klass: 'java/lang/ExceptionInInitializerError'
stack at sp + 5 slots: 0x0000000000000046 is an unknown value
stack at sp + 6 slots: 0x00007ffc60c2a50c jvm.dll
stack at sp + 7 slots: 0x000001e6f7106130 points into unknown readable memory: 0x0000000000000001 | 01 00 00 00 00 00 00 00


---------------  P R O C E S S  ---------------

Threads class SMR info:
_java_thread_list=0x000001e69d4eb720, length=21, elements={
0x000001e699cd4800, 0x000001e699cdf800, 0x000001e69a5e7800, 0x000001e69a5e9800,
0x000001e69a5eb000, 0x000001e69a5f7000, 0x000001e69a603800, 0x000001e69a605000,
0x000001e69a77f000, 0x000001e69c551000, 0x000001e69b067000, 0x000001e69c1c9800,
0x000001e69d1bb800, 0x000001e69c164800, 0x000001e69c166000, 0x000001e69c163000,
0x000001e69c168800, 0x000001e69c167000, 0x000001e69c169800, 0x000001e69c163800,
0x000001e69c165800
}

Java Threads: ( => current thread )
  0x000001e699cd4800 JavaThread "Reference Handler" daemon [_thread_blocked, id=12612, stack(0x0000001def100000,0x0000001def200000)]
  0x000001e699cdf800 JavaThread "Finalizer" daemon [_thread_blocked, id=18532, stack(0x0000001def200000,0x0000001def300000)]
  0x000001e69a5e7800 JavaThread "Signal Dispatcher" daemon [_thread_blocked, id=23796, stack(0x0000001def300000,0x0000001def400000)]
  0x000001e69a5e9800 JavaThread "Attach Listener" daemon [_thread_blocked, id=18068, stack(0x0000001def400000,0x0000001def500000)]
  0x000001e69a5eb000 JavaThread "Service Thread" daemon [_thread_blocked, id=1376, stack(0x0000001def500000,0x0000001def600000)]
  0x000001e69a5f7000 JavaThread "C2 CompilerThread0" daemon [_thread_blocked, id=18196, stack(0x0000001def600000,0x0000001def700000)]
  0x000001e69a603800 JavaThread "C1 CompilerThread0" daemon [_thread_blocked, id=11284, stack(0x0000001def700000,0x0000001def800000)]
  0x000001e69a605000 JavaThread "Sweeper thread" daemon [_thread_blocked, id=4208, stack(0x0000001def800000,0x0000001def900000)]
  0x000001e69a77f000 JavaThread "Common-Cleaner" daemon [_thread_blocked, id=25056, stack(0x0000001def900000,0x0000001defa00000)]
  0x000001e69c551000 JavaThread "ForkJoinPool.commonPool-worker-3" daemon [_thread_blocked, id=18448, stack(0x0000001df0200000,0x0000001df0300000)]
  0x000001e69b067000 JavaThread "ForkJoinPool.commonPool-worker-5" daemon [_thread_blocked, id=28016, stack(0x0000001df0300000,0x0000001df0400000)]
  0x000001e69c1c9800 JavaThread "ForkJoinPool.commonPool-worker-7" daemon [_thread_blocked, id=24588, stack(0x0000001df0400000,0x0000001df0500000)]
  0x000001e69d1bb800 JavaThread "Java2D Disposer" daemon [_thread_blocked, id=24832, stack(0x0000001df0600000,0x0000001df0700000)]
  0x000001e69c164800 JavaThread "AWT-Windows" daemon [_thread_in_native, id=8812, stack(0x0000001df0800000,0x0000001df0900000)]
  0x000001e69c166000 JavaThread "AWT-Shutdown" [_thread_blocked, id=904, stack(0x0000001defb00000,0x0000001defc00000)]
  0x000001e69c163000 JavaThread "AWT-EventQueue-0" [_thread_blocked, id=5748, stack(0x0000001defc00000,0x0000001defd00000)]
  0x000001e69c168800 JavaThread "Event Dispatch Thread" daemon [_thread_blocked, id=2624, stack(0x0000001df0d00000,0x0000001df0e00000)]
  0x000001e69c167000 JavaThread "DestroyJavaVM" [_thread_blocked, id=17100, stack(0x0000001deea00000,0x0000001deeb00000)]
  0x000001e69c169800 JavaThread "TimerQueue" daemon [_thread_blocked, id=28656, stack(0x0000001df1400000,0x0000001df1500000)]
  0x000001e69c163800 JavaThread "Image Fetcher 0" daemon [_thread_blocked, id=22948, stack(0x0000001df0b00000,0x0000001df0c00000)]
=>0x000001e69c165800 JavaThread "Thread-0" [_thread_in_vm, id=3860, stack(0x0000001df0e00000,0x0000001df0f00000)]

Other Threads:
  0x000001e699cd1000 VMThread "VM Thread" [stack: 0x0000001def000000,0x0000001def100000] [id=27148]
  0x000001e69a9f8800 WatcherThread [stack: 0x0000001defa00000,0x0000001defb00000] [id=7108]
  0x000001e6f7120800 GCTaskThread "GC Thread#0" [stack: 0x0000001deeb00000,0x0000001deec00000] [id=9052]
  0x000001e69b968800 GCTaskThread "GC Thread#1" [stack: 0x0000001defd00000,0x0000001defe00000] [id=3356]
  0x000001e69adf1800 GCTaskThread "GC Thread#2" [stack: 0x0000001defe00000,0x0000001deff00000] [id=26960]
  0x000001e69be3b800 GCTaskThread "GC Thread#3" [stack: 0x0000001deff00000,0x0000001df0000000] [id=24948]
  0x000001e69be3c000 GCTaskThread "GC Thread#4" [stack: 0x0000001df0000000,0x0000001df0100000] [id=20032]
  0x000001e69af8f800 GCTaskThread "GC Thread#5" [stack: 0x0000001df0100000,0x0000001df0200000] [id=17776]
  0x000001e6f7178000 ConcurrentGCThread "G1 Main Marker" [stack: 0x0000001deec00000,0x0000001deed00000] [id=1268]
  0x000001e6f717b000 ConcurrentGCThread "G1 Conc#0" [stack: 0x0000001deed00000,0x0000001deee00000] [id=20864]
  0x000001e69c5e2000 ConcurrentGCThread "G1 Conc#1" [stack: 0x0000001df0500000,0x0000001df0600000] [id=21040]
  0x000001e699bbd000 ConcurrentGCThread "G1 Refine#0" [stack: 0x0000001deee00000,0x0000001deef00000] [id=9644]
  0x000001e69d53c000 ConcurrentGCThread "G1 Refine#1" [stack: 0x0000001df0700000,0x0000001df0800000] [id=22640]
  0x000001e69c5e0000 ConcurrentGCThread "G1 Refine#2" [stack: 0x0000001df0900000,0x0000001df0a00000] [id=16588]
  0x000001e69f7bc000 ConcurrentGCThread "G1 Refine#3" [stack: 0x0000001df0a00000,0x0000001df0b00000] [id=14128]
  0x000001e699bc0000 ConcurrentGCThread "G1 Young RemSet Sampling" [stack: 0x0000001deef00000,0x0000001def000000] [id=3608]

Threads with active compile tasks:

VM state:not at safepoint (normal execution)

VM Mutex/Monitor currently owned by a thread:  ([mutex/lock_event])
[0x000001e6f7106130] SystemDictionary_lock - owner thread: 0x000001e69c165800

Heap address: 0x0000000702800000, size: 4056 MB, Compressed Oops mode: Zero based, Oop shift amount: 3
Narrow klass base: 0x0000000800000000, Narrow klass shift: 0
Compressed class space size: 1073741824 Address: 0x0000000800000000

Heap:
 garbage-first heap   total 260096K, used 158326K [0x0000000702800000, 0x0000000800000000)
  region size 1024K, 138 young (141312K), 11 survivors (11264K)
 Metaspace       used 45899K, capacity 47414K, committed 47616K, reserved 1091584K
  class space    used 5432K, capacity 6133K, committed 6144K, reserved 1048576K
Heap Regions: E=young(eden), S=young(survivor), O=old, HS=humongous(starts), HC=humongous(continues), CS=collection set, F=free, A=archive, TAMS=top-at-mark-start (previous, next)
|   0|0x0000000702800000, 0x0000000702900000, 0x0000000702900000|100%| O|  |TAMS 0x0000000702900000, 0x0000000702800000| Untracked 
|   1|0x0000000702900000, 0x0000000702a00000, 0x0000000702a00000|100%| O|  |TAMS 0x0000000702a00000, 0x0000000702900000| Untracked 
|   2|0x0000000702a00000, 0x0000000702b00000, 0x0000000702b00000|100%| O|  |TAMS 0x0000000702b00000, 0x0000000702a00000| Untracked 
|   3|0x0000000702b00000, 0x0000000702c00000, 0x0000000702c00000|100%| O|  |TAMS 0x0000000702c00000, 0x0000000702b00000| Untracked 
|   4|0x0000000702c00000, 0x0000000702d00000, 0x0000000702d00000|100%| O|  |TAMS 0x0000000702d00000, 0x0000000702c00000| Untracked 
|   5|0x0000000702d00000, 0x0000000702e00000, 0x0000000702e00000|100%| O|  |TAMS 0x0000000702e00000, 0x0000000702d00000| Untracked 
|   6|0x0000000702e00000, 0x0000000702f00000, 0x0000000702f00000|100%| O|  |TAMS 0x0000000702f00000, 0x0000000702e00000| Untracked 
|   7|0x0000000702f00000, 0x0000000703000000, 0x0000000703000000|100%| O|  |TAMS 0x0000000703000000, 0x0000000702f00000| Untracked 
|   8|0x0000000703000000, 0x0000000703100000, 0x0000000703100000|100%| O|  |TAMS 0x0000000703100000, 0x0000000703000000| Untracked 
|   9|0x0000000703100000, 0x0000000703200000, 0x0000000703200000|100%| O|  |TAMS 0x0000000703200000, 0x0000000703100000| Untracked 
|  10|0x0000000703200000, 0x0000000703300000, 0x0000000703300000|100%| O|  |TAMS 0x0000000703300000, 0x0000000703200000| Untracked 
|  11|0x0000000703300000, 0x0000000703400000, 0x0000000703400000|100%| O|  |TAMS 0x0000000703400000, 0x0000000703300000| Untracked 
|  12|0x0000000703400000, 0x000000070349da00, 0x0000000703500000| 61%| O|  |TAMS 0x000000070349da00, 0x0000000703400000| Untracked 
|  13|0x0000000703500000, 0x0000000703600000, 0x0000000703600000|100%|HS|  |TAMS 0x0000000703500000, 0x0000000703500000| Complete 
|  14|0x0000000703600000, 0x0000000703700000, 0x0000000703700000|100%|HC|  |TAMS 0x0000000703600000, 0x0000000703600000| Complete 
|  15|0x0000000703700000, 0x0000000703800000, 0x0000000703800000|100%|HS|  |TAMS 0x0000000703700000, 0x0000000703700000| Complete 
|  16|0x0000000703800000, 0x0000000703900000, 0x0000000703900000|100%|HS|  |TAMS 0x0000000703800000, 0x0000000703800000| Complete 
|  17|0x0000000703900000, 0x0000000703a00000, 0x0000000703a00000|100%|HS|  |TAMS 0x0000000703900000, 0x0000000703900000| Complete 
|  18|0x0000000703a00000, 0x0000000703a00000, 0x0000000703b00000|  0%| F|  |TAMS 0x0000000703a00000, 0x0000000703a00000| Untracked 
|  19|0x0000000703b00000, 0x0000000703b00000, 0x0000000703c00000|  0%| F|  |TAMS 0x0000000703b00000, 0x0000000703b00000| Untracked 
|  20|0x0000000703c00000, 0x0000000703c00000, 0x0000000703d00000|  0%| F|  |TAMS 0x0000000703c00000, 0x0000000703c00000| Untracked 
|  21|0x0000000703d00000, 0x0000000703d00000, 0x0000000703e00000|  0%| F|  |TAMS 0x0000000703d00000, 0x0000000703d00000| Untracked 
|  22|0x0000000703e00000, 0x0000000703e00000, 0x0000000703f00000|  0%| F|  |TAMS 0x0000000703e00000, 0x0000000703e00000| Untracked 
|  23|0x0000000703f00000, 0x0000000703f00000, 0x0000000704000000|  0%| F|  |TAMS 0x0000000703f00000, 0x0000000703f00000| Untracked 
|  24|0x0000000704000000, 0x0000000704000000, 0x0000000704100000|  0%| F|  |TAMS 0x0000000704000000, 0x0000000704000000| Untracked 
|  25|0x0000000704100000, 0x0000000704100000, 0x0000000704200000|  0%| F|  |TAMS 0x0000000704100000, 0x0000000704100000| Untracked 
|  26|0x0000000704200000, 0x0000000704200000, 0x0000000704300000|  0%| F|  |TAMS 0x0000000704200000, 0x0000000704200000| Untracked 
|  27|0x0000000704300000, 0x0000000704300000, 0x0000000704400000|  0%| F|  |TAMS 0x0000000704300000, 0x0000000704300000| Untracked 
|  28|0x0000000704400000, 0x0000000704400000, 0x0000000704500000|  0%| F|  |TAMS 0x0000000704400000, 0x0000000704400000| Untracked 
|  29|0x0000000704500000, 0x0000000704500000, 0x0000000704600000|  0%| F|  |TAMS 0x0000000704500000, 0x0000000704500000| Untracked 
|  30|0x0000000704600000, 0x0000000704600000, 0x0000000704700000|  0%| F|  |TAMS 0x0000000704600000, 0x0000000704600000| Untracked 
|  31|0x0000000704700000, 0x0000000704700000, 0x0000000704800000|  0%| F|  |TAMS 0x0000000704700000, 0x0000000704700000| Untracked 
|  32|0x0000000704800000, 0x0000000704800000, 0x0000000704900000|  0%| F|  |TAMS 0x0000000704800000, 0x0000000704800000| Untracked 
|  33|0x0000000704900000, 0x0000000704900000, 0x0000000704a00000|  0%| F|  |TAMS 0x0000000704900000, 0x0000000704900000| Untracked 
|  34|0x0000000704a00000, 0x0000000704a00000, 0x0000000704b00000|  0%| F|  |TAMS 0x0000000704a00000, 0x0000000704a00000| Untracked 
|  35|0x0000000704b00000, 0x0000000704b00000, 0x0000000704c00000|  0%| F|  |TAMS 0x0000000704b00000, 0x0000000704b00000| Untracked 
|  36|0x0000000704c00000, 0x0000000704c00000, 0x0000000704d00000|  0%| F|  |TAMS 0x0000000704c00000, 0x0000000704c00000| Untracked 
|  37|0x0000000704d00000, 0x0000000704d00000, 0x0000000704e00000|  0%| F|  |TAMS 0x0000000704d00000, 0x0000000704d00000| Untracked 
|  38|0x0000000704e00000, 0x0000000704e00000, 0x0000000704f00000|  0%| F|  |TAMS 0x0000000704e00000, 0x0000000704e00000| Untracked 
|  39|0x0000000704f00000, 0x0000000704f00000, 0x0000000705000000|  0%| F|  |TAMS 0x0000000704f00000, 0x0000000704f00000| Untracked 
|  40|0x0000000705000000, 0x0000000705000000, 0x0000000705100000|  0%| F|  |TAMS 0x0000000705000000, 0x0000000705000000| Untracked 
|  41|0x0000000705100000, 0x0000000705100000, 0x0000000705200000|  0%| F|  |TAMS 0x0000000705100000, 0x0000000705100000| Untracked 
|  42|0x0000000705200000, 0x0000000705200000, 0x0000000705300000|  0%| F|  |TAMS 0x0000000705200000, 0x0000000705200000| Untracked 
|  43|0x0000000705300000, 0x0000000705300000, 0x0000000705400000|  0%| F|  |TAMS 0x0000000705300000, 0x0000000705300000| Untracked 
|  44|0x0000000705400000, 0x0000000705400000, 0x0000000705500000|  0%| F|  |TAMS 0x0000000705400000, 0x0000000705400000| Untracked 
|  45|0x0000000705500000, 0x0000000705500000, 0x0000000705600000|  0%| F|  |TAMS 0x0000000705500000, 0x0000000705500000| Untracked 
|  46|0x0000000705600000, 0x0000000705600000, 0x0000000705700000|  0%| F|  |TAMS 0x0000000705600000, 0x0000000705600000| Untracked 
|  47|0x0000000705700000, 0x0000000705700000, 0x0000000705800000|  0%| F|  |TAMS 0x0000000705700000, 0x0000000705700000| Untracked 
|  48|0x0000000705800000, 0x0000000705800000, 0x0000000705900000|  0%| F|  |TAMS 0x0000000705800000, 0x0000000705800000| Untracked 
|  49|0x0000000705900000, 0x0000000705900000, 0x0000000705a00000|  0%| F|  |TAMS 0x0000000705900000, 0x0000000705900000| Untracked 
|  50|0x0000000705a00000, 0x0000000705a00000, 0x0000000705b00000|  0%| F|  |TAMS 0x0000000705a00000, 0x0000000705a00000| Untracked 
|  51|0x0000000705b00000, 0x0000000705b00000, 0x0000000705c00000|  0%| F|  |TAMS 0x0000000705b00000, 0x0000000705b00000| Untracked 
|  52|0x0000000705c00000, 0x0000000705c00000, 0x0000000705d00000|  0%| F|  |TAMS 0x0000000705c00000, 0x0000000705c00000| Untracked 
|  53|0x0000000705d00000, 0x0000000705d00000, 0x0000000705e00000|  0%| F|  |TAMS 0x0000000705d00000, 0x0000000705d00000| Untracked 
|  54|0x0000000705e00000, 0x0000000705e00000, 0x0000000705f00000|  0%| F|  |TAMS 0x0000000705e00000, 0x0000000705e00000| Untracked 
|  55|0x0000000705f00000, 0x0000000705f00000, 0x0000000706000000|  0%| F|  |TAMS 0x0000000705f00000, 0x0000000705f00000| Untracked 
|  56|0x0000000706000000, 0x0000000706000000, 0x0000000706100000|  0%| F|  |TAMS 0x0000000706000000, 0x0000000706000000| Untracked 
|  57|0x0000000706100000, 0x0000000706100000, 0x0000000706200000|  0%| F|  |TAMS 0x0000000706100000, 0x0000000706100000| Untracked 
|  58|0x0000000706200000, 0x0000000706200000, 0x0000000706300000|  0%| F|  |TAMS 0x0000000706200000, 0x0000000706200000| Untracked 
|  59|0x0000000706300000, 0x0000000706300000, 0x0000000706400000|  0%| F|  |TAMS 0x0000000706300000, 0x0000000706300000| Untracked 
|  60|0x0000000706400000, 0x0000000706400000, 0x0000000706500000|  0%| F|  |TAMS 0x0000000706400000, 0x0000000706400000| Untracked 
|  61|0x0000000706500000, 0x0000000706500000, 0x0000000706600000|  0%| F|  |TAMS 0x0000000706500000, 0x0000000706500000| Untracked 
|  62|0x0000000706600000, 0x0000000706600000, 0x0000000706700000|  0%| F|  |TAMS 0x0000000706600000, 0x0000000706600000| Untracked 
|  63|0x0000000706700000, 0x0000000706700000, 0x0000000706800000|  0%| F|  |TAMS 0x0000000706700000, 0x0000000706700000| Untracked 
|  64|0x0000000706800000, 0x0000000706800000, 0x0000000706900000|  0%| F|  |TAMS 0x0000000706800000, 0x0000000706800000| Untracked 
|  65|0x0000000706900000, 0x0000000706900000, 0x0000000706a00000|  0%| F|  |TAMS 0x0000000706900000, 0x0000000706900000| Untracked 
|  66|0x0000000706a00000, 0x0000000706a00000, 0x0000000706b00000|  0%| F|  |TAMS 0x0000000706a00000, 0x0000000706a00000| Untracked 
|  67|0x0000000706b00000, 0x0000000706b00000, 0x0000000706c00000|  0%| F|  |TAMS 0x0000000706b00000, 0x0000000706b00000| Untracked 
|  68|0x0000000706c00000, 0x0000000706c00000, 0x0000000706d00000|  0%| F|  |TAMS 0x0000000706c00000, 0x0000000706c00000| Untracked 
|  69|0x0000000706d00000, 0x0000000706d00000, 0x0000000706e00000|  0%| F|  |TAMS 0x0000000706d00000, 0x0000000706d00000| Untracked 
|  70|0x0000000706e00000, 0x0000000706e00000, 0x0000000706f00000|  0%| F|  |TAMS 0x0000000706e00000, 0x0000000706e00000| Untracked 
|  71|0x0000000706f00000, 0x0000000706f00000, 0x0000000707000000|  0%| F|  |TAMS 0x0000000706f00000, 0x0000000706f00000| Untracked 
|  72|0x0000000707000000, 0x0000000707000000, 0x0000000707100000|  0%| F|  |TAMS 0x0000000707000000, 0x0000000707000000| Untracked 
|  73|0x0000000707100000, 0x0000000707100000, 0x0000000707200000|  0%| F|  |TAMS 0x0000000707100000, 0x0000000707100000| Untracked 
|  74|0x0000000707200000, 0x0000000707200000, 0x0000000707300000|  0%| F|  |TAMS 0x0000000707200000, 0x0000000707200000| Untracked 
|  75|0x0000000707300000, 0x0000000707300000, 0x0000000707400000|  0%| F|  |TAMS 0x0000000707300000, 0x0000000707300000| Untracked 
|  76|0x0000000707400000, 0x0000000707400000, 0x0000000707500000|  0%| F|  |TAMS 0x0000000707400000, 0x0000000707400000| Untracked 
|  77|0x0000000707500000, 0x0000000707500000, 0x0000000707600000|  0%| F|  |TAMS 0x0000000707500000, 0x0000000707500000| Untracked 
|  78|0x0000000707600000, 0x0000000707600000, 0x0000000707700000|  0%| F|  |TAMS 0x0000000707600000, 0x0000000707600000| Untracked 
|  79|0x0000000707700000, 0x0000000707700000, 0x0000000707800000|  0%| F|  |TAMS 0x0000000707700000, 0x0000000707700000| Untracked 
|  80|0x0000000707800000, 0x0000000707800000, 0x0000000707900000|  0%| F|  |TAMS 0x0000000707800000, 0x0000000707800000| Untracked 
|  81|0x0000000707900000, 0x0000000707900000, 0x0000000707a00000|  0%| F|  |TAMS 0x0000000707900000, 0x0000000707900000| Untracked 
|  82|0x0000000707a00000, 0x0000000707a00000, 0x0000000707b00000|  0%| F|  |TAMS 0x0000000707a00000, 0x0000000707a00000| Untracked 
|  83|0x0000000707b00000, 0x0000000707b00000, 0x0000000707c00000|  0%| F|  |TAMS 0x0000000707b00000, 0x0000000707b00000| Untracked 
|  84|0x0000000707c00000, 0x0000000707c00000, 0x0000000707d00000|  0%| F|  |TAMS 0x0000000707c00000, 0x0000000707c00000| Untracked 
|  85|0x0000000707d00000, 0x0000000707d00000, 0x0000000707e00000|  0%| F|  |TAMS 0x0000000707d00000, 0x0000000707d00000| Untracked 
|  86|0x0000000707e00000, 0x0000000707e00000, 0x0000000707f00000|  0%| F|  |TAMS 0x0000000707e00000, 0x0000000707e00000| Untracked 
|  87|0x0000000707f00000, 0x0000000707f00000, 0x0000000708000000|  0%| F|  |TAMS 0x0000000707f00000, 0x0000000707f00000| Untracked 
|  88|0x0000000708000000, 0x0000000708000000, 0x0000000708100000|  0%| F|  |TAMS 0x0000000708000000, 0x0000000708000000| Untracked 
|  89|0x0000000708100000, 0x0000000708100000, 0x0000000708200000|  0%| F|  |TAMS 0x0000000708100000, 0x0000000708100000| Untracked 
|  90|0x0000000708200000, 0x0000000708200000, 0x0000000708300000|  0%| F|  |TAMS 0x0000000708200000, 0x0000000708200000| Untracked 
|  91|0x0000000708300000, 0x0000000708300000, 0x0000000708400000|  0%| F|  |TAMS 0x0000000708300000, 0x0000000708300000| Untracked 
|  92|0x0000000708400000, 0x0000000708400000, 0x0000000708500000|  0%| F|  |TAMS 0x0000000708400000, 0x0000000708400000| Untracked 
|  93|0x0000000708500000, 0x0000000708500000, 0x0000000708600000|  0%| F|  |TAMS 0x0000000708500000, 0x0000000708500000| Untracked 
|  94|0x0000000708600000, 0x0000000708600000, 0x0000000708700000|  0%| F|  |TAMS 0x0000000708600000, 0x0000000708600000| Untracked 
|  95|0x0000000708700000, 0x0000000708700000, 0x0000000708800000|  0%| F|  |TAMS 0x0000000708700000, 0x0000000708700000| Untracked 
|  96|0x0000000708800000, 0x0000000708800000, 0x0000000708900000|  0%| F|  |TAMS 0x0000000708800000, 0x0000000708800000| Untracked 
|  97|0x0000000708900000, 0x0000000708900000, 0x0000000708a00000|  0%| F|  |TAMS 0x0000000708900000, 0x0000000708900000| Untracked 
|  98|0x0000000708a00000, 0x0000000708a00000, 0x0000000708b00000|  0%| F|  |TAMS 0x0000000708a00000, 0x0000000708a00000| Untracked 
|  99|0x0000000708b00000, 0x0000000708b00000, 0x0000000708c00000|  0%| F|  |TAMS 0x0000000708b00000, 0x0000000708b00000| Untracked 
| 100|0x0000000708c00000, 0x0000000708c00000, 0x0000000708d00000|  0%| F|  |TAMS 0x0000000708c00000, 0x0000000708c00000| Untracked 
| 101|0x0000000708d00000, 0x0000000708d00000, 0x0000000708e00000|  0%| F|  |TAMS 0x0000000708d00000, 0x0000000708d00000| Untracked 
| 102|0x0000000708e00000, 0x0000000708e00000, 0x0000000708f00000|  0%| F|  |TAMS 0x0000000708e00000, 0x0000000708e00000| Untracked 
| 103|0x0000000708f00000, 0x0000000708f00000, 0x0000000709000000|  0%| F|  |TAMS 0x0000000708f00000, 0x0000000708f00000| Untracked 
| 104|0x0000000709000000, 0x0000000709000000, 0x0000000709100000|  0%| F|  |TAMS 0x0000000709000000, 0x0000000709000000| Untracked 
| 105|0x0000000709100000, 0x0000000709100000, 0x0000000709200000|  0%| F|  |TAMS 0x0000000709100000, 0x0000000709100000| Untracked 
| 106|0x0000000709200000, 0x0000000709200000, 0x0000000709300000|  0%| F|  |TAMS 0x0000000709200000, 0x0000000709200000| Untracked 
| 107|0x0000000709300000, 0x0000000709300000, 0x0000000709400000|  0%| F|  |TAMS 0x0000000709300000, 0x0000000709300000| Untracked 
| 108|0x0000000709400000, 0x0000000709400000, 0x0000000709500000|  0%| F|  |TAMS 0x0000000709400000, 0x0000000709400000| Untracked 
| 109|0x0000000709500000, 0x0000000709500000, 0x0000000709600000|  0%| F|  |TAMS 0x0000000709500000, 0x0000000709500000| Untracked 
| 110|0x0000000709600000, 0x0000000709600000, 0x0000000709700000|  0%| F|  |TAMS 0x0000000709600000, 0x0000000709600000| Untracked 
| 111|0x0000000709700000, 0x0000000709700000, 0x0000000709800000|  0%| F|  |TAMS 0x0000000709700000, 0x0000000709700000| Untracked 
| 112|0x0000000709800000, 0x0000000709800000, 0x0000000709900000|  0%| F|  |TAMS 0x0000000709800000, 0x0000000709800000| Untracked 
| 113|0x0000000709900000, 0x0000000709900000, 0x0000000709a00000|  0%| F|  |TAMS 0x0000000709900000, 0x0000000709900000| Untracked 
| 114|0x0000000709a00000, 0x0000000709a00000, 0x0000000709b00000|  0%| F|  |TAMS 0x0000000709a00000, 0x0000000709a00000| Untracked 
| 115|0x0000000709b00000, 0x0000000709b00000, 0x0000000709c00000|  0%| F|  |TAMS 0x0000000709b00000, 0x0000000709b00000| Untracked 
| 116|0x0000000709c00000, 0x0000000709c80800, 0x0000000709d00000| 50%| E|  |TAMS 0x0000000709c00000, 0x0000000709c00000| Complete 
| 117|0x0000000709d00000, 0x0000000709e00000, 0x0000000709e00000|100%| E|CS|TAMS 0x0000000709d00000, 0x0000000709d00000| Complete 
| 118|0x0000000709e00000, 0x0000000709f00000, 0x0000000709f00000|100%| E|CS|TAMS 0x0000000709e00000, 0x0000000709e00000| Complete 
| 119|0x0000000709f00000, 0x000000070a000000, 0x000000070a000000|100%| E|CS|TAMS 0x0000000709f00000, 0x0000000709f00000| Complete 
| 120|0x000000070a000000, 0x000000070a100000, 0x000000070a100000|100%| E|CS|TAMS 0x000000070a000000, 0x000000070a000000| Complete 
| 121|0x000000070a100000, 0x000000070a200000, 0x000000070a200000|100%| E|CS|TAMS 0x000000070a100000, 0x000000070a100000| Complete 
| 122|0x000000070a200000, 0x000000070a300000, 0x000000070a300000|100%| E|CS|TAMS 0x000000070a200000, 0x000000070a200000| Complete 
| 123|0x000000070a300000, 0x000000070a400000, 0x000000070a400000|100%| E|CS|TAMS 0x000000070a300000, 0x000000070a300000| Complete 
| 124|0x000000070a400000, 0x000000070a500000, 0x000000070a500000|100%| E|CS|TAMS 0x000000070a400000, 0x000000070a400000| Complete 
| 125|0x000000070a500000, 0x000000070a600000, 0x000000070a600000|100%| E|CS|TAMS 0x000000070a500000, 0x000000070a500000| Complete 
| 126|0x000000070a600000, 0x000000070a700000, 0x000000070a700000|100%| E|CS|TAMS 0x000000070a600000, 0x000000070a600000| Complete 
| 127|0x000000070a700000, 0x000000070a800000, 0x000000070a800000|100%| E|CS|TAMS 0x000000070a700000, 0x000000070a700000| Complete 
| 128|0x000000070a800000, 0x000000070a900000, 0x000000070a900000|100%| E|CS|TAMS 0x000000070a800000, 0x000000070a800000| Complete 
| 129|0x000000070a900000, 0x000000070aa00000, 0x000000070aa00000|100%| E|CS|TAMS 0x000000070a900000, 0x000000070a900000| Complete 
| 130|0x000000070aa00000, 0x000000070ab00000, 0x000000070ab00000|100%| E|CS|TAMS 0x000000070aa00000, 0x000000070aa00000| Complete 
| 131|0x000000070ab00000, 0x000000070ac00000, 0x000000070ac00000|100%| E|CS|TAMS 0x000000070ab00000, 0x000000070ab00000| Complete 
| 132|0x000000070ac00000, 0x000000070ad00000, 0x000000070ad00000|100%| E|CS|TAMS 0x000000070ac00000, 0x000000070ac00000| Complete 
| 133|0x000000070ad00000, 0x000000070ae00000, 0x000000070ae00000|100%| E|CS|TAMS 0x000000070ad00000, 0x000000070ad00000| Complete 
| 134|0x000000070ae00000, 0x000000070af00000, 0x000000070af00000|100%| E|CS|TAMS 0x000000070ae00000, 0x000000070ae00000| Complete 
| 135|0x000000070af00000, 0x000000070b000000, 0x000000070b000000|100%| E|CS|TAMS 0x000000070af00000, 0x000000070af00000| Complete 
| 136|0x000000070b000000, 0x000000070b100000, 0x000000070b100000|100%| E|CS|TAMS 0x000000070b000000, 0x000000070b000000| Complete 
| 137|0x000000070b100000, 0x000000070b200000, 0x000000070b200000|100%| E|CS|TAMS 0x000000070b100000, 0x000000070b100000| Complete 
| 138|0x000000070b200000, 0x000000070b300000, 0x000000070b300000|100%| E|CS|TAMS 0x000000070b200000, 0x000000070b200000| Complete 
| 139|0x000000070b300000, 0x000000070b400000, 0x000000070b400000|100%| E|CS|TAMS 0x000000070b300000, 0x000000070b300000| Complete 
| 140|0x000000070b400000, 0x000000070b500000, 0x000000070b500000|100%| E|CS|TAMS 0x000000070b400000, 0x000000070b400000| Complete 
| 141|0x000000070b500000, 0x000000070b600000, 0x000000070b600000|100%| E|CS|TAMS 0x000000070b500000, 0x000000070b500000| Complete 
| 142|0x000000070b600000, 0x000000070b700000, 0x000000070b700000|100%| E|CS|TAMS 0x000000070b600000, 0x000000070b600000| Complete 
| 143|0x000000070b700000, 0x000000070b800000, 0x000000070b800000|100%| E|CS|TAMS 0x000000070b700000, 0x000000070b700000| Complete 
| 144|0x000000070b800000, 0x000000070b900000, 0x000000070b900000|100%| E|CS|TAMS 0x000000070b800000, 0x000000070b800000| Complete 
| 145|0x000000070b900000, 0x000000070ba00000, 0x000000070ba00000|100%| E|CS|TAMS 0x000000070b900000, 0x000000070b900000| Complete 
| 146|0x000000070ba00000, 0x000000070bb00000, 0x000000070bb00000|100%| E|CS|TAMS 0x000000070ba00000, 0x000000070ba00000| Complete 
| 147|0x000000070bb00000, 0x000000070bc00000, 0x000000070bc00000|100%| E|CS|TAMS 0x000000070bb00000, 0x000000070bb00000| Complete 
| 148|0x000000070bc00000, 0x000000070bd00000, 0x000000070bd00000|100%| E|CS|TAMS 0x000000070bc00000, 0x000000070bc00000| Complete 
| 149|0x000000070bd00000, 0x000000070be00000, 0x000000070be00000|100%| E|CS|TAMS 0x000000070bd00000, 0x000000070bd00000| Complete 
| 150|0x000000070be00000, 0x000000070bf00000, 0x000000070bf00000|100%| E|CS|TAMS 0x000000070be00000, 0x000000070be00000| Complete 
| 151|0x000000070bf00000, 0x000000070c000000, 0x000000070c000000|100%| E|CS|TAMS 0x000000070bf00000, 0x000000070bf00000| Complete 
| 152|0x000000070c000000, 0x000000070c100000, 0x000000070c100000|100%| E|CS|TAMS 0x000000070c000000, 0x000000070c000000| Complete 
| 153|0x000000070c100000, 0x000000070c200000, 0x000000070c200000|100%| E|CS|TAMS 0x000000070c100000, 0x000000070c100000| Complete 
| 154|0x000000070c200000, 0x000000070c300000, 0x000000070c300000|100%| E|CS|TAMS 0x000000070c200000, 0x000000070c200000| Complete 
| 155|0x000000070c300000, 0x000000070c400000, 0x000000070c400000|100%| E|CS|TAMS 0x000000070c300000, 0x000000070c300000| Complete 
| 156|0x000000070c400000, 0x000000070c500000, 0x000000070c500000|100%| E|CS|TAMS 0x000000070c400000, 0x000000070c400000| Complete 
| 157|0x000000070c500000, 0x000000070c600000, 0x000000070c600000|100%| E|CS|TAMS 0x000000070c500000, 0x000000070c500000| Complete 
| 158|0x000000070c600000, 0x000000070c700000, 0x000000070c700000|100%| E|CS|TAMS 0x000000070c600000, 0x000000070c600000| Complete 
| 159|0x000000070c700000, 0x000000070c800000, 0x000000070c800000|100%| E|CS|TAMS 0x000000070c700000, 0x000000070c700000| Complete 
| 160|0x000000070c800000, 0x000000070c900000, 0x000000070c900000|100%| E|CS|TAMS 0x000000070c800000, 0x000000070c800000| Complete 
| 161|0x000000070c900000, 0x000000070ca00000, 0x000000070ca00000|100%| E|CS|TAMS 0x000000070c900000, 0x000000070c900000| Complete 
| 162|0x000000070ca00000, 0x000000070cb00000, 0x000000070cb00000|100%| S|CS|TAMS 0x000000070ca00000, 0x000000070ca00000| Complete 
| 163|0x000000070cb00000, 0x000000070cc00000, 0x000000070cc00000|100%| S|CS|TAMS 0x000000070cb00000, 0x000000070cb00000| Complete 
| 164|0x000000070cc00000, 0x000000070cd00000, 0x000000070cd00000|100%| S|CS|TAMS 0x000000070cc00000, 0x000000070cc00000| Complete 
| 165|0x000000070cd00000, 0x000000070ce00000, 0x000000070ce00000|100%| S|CS|TAMS 0x000000070cd00000, 0x000000070cd00000| Complete 
| 166|0x000000070ce00000, 0x000000070cf00000, 0x000000070cf00000|100%| S|CS|TAMS 0x000000070ce00000, 0x000000070ce00000| Complete 
| 167|0x000000070cf00000, 0x000000070d000000, 0x000000070d000000|100%| S|CS|TAMS 0x000000070cf00000, 0x000000070cf00000| Complete 
| 168|0x000000070d000000, 0x000000070d100000, 0x000000070d100000|100%| S|CS|TAMS 0x000000070d000000, 0x000000070d000000| Complete 
| 169|0x000000070d100000, 0x000000070d200000, 0x000000070d200000|100%| S|CS|TAMS 0x000000070d100000, 0x000000070d100000| Complete 
| 170|0x000000070d200000, 0x000000070d300000, 0x000000070d300000|100%| S|CS|TAMS 0x000000070d200000, 0x000000070d200000| Complete 
| 171|0x000000070d300000, 0x000000070d400000, 0x000000070d400000|100%| S|CS|TAMS 0x000000070d300000, 0x000000070d300000| Complete 
| 172|0x000000070d400000, 0x000000070d500000, 0x000000070d500000|100%| S|CS|TAMS 0x000000070d400000, 0x000000070d400000| Complete 
| 173|0x000000070d500000, 0x000000070d600000, 0x000000070d600000|100%| E|CS|TAMS 0x000000070d500000, 0x000000070d500000| Complete 
| 174|0x000000070d600000, 0x000000070d700000, 0x000000070d700000|100%| E|CS|TAMS 0x000000070d600000, 0x000000070d600000| Complete 
| 175|0x000000070d700000, 0x000000070d800000, 0x000000070d800000|100%| E|CS|TAMS 0x000000070d700000, 0x000000070d700000| Complete 
| 176|0x000000070d800000, 0x000000070d900000, 0x000000070d900000|100%| E|CS|TAMS 0x000000070d800000, 0x000000070d800000| Complete 
| 177|0x000000070d900000, 0x000000070da00000, 0x000000070da00000|100%| E|CS|TAMS 0x000000070d900000, 0x000000070d900000| Complete 
| 178|0x000000070da00000, 0x000000070db00000, 0x000000070db00000|100%| E|CS|TAMS 0x000000070da00000, 0x000000070da00000| Complete 
| 179|0x000000070db00000, 0x000000070dc00000, 0x000000070dc00000|100%| E|CS|TAMS 0x000000070db00000, 0x000000070db00000| Complete 
| 180|0x000000070dc00000, 0x000000070dd00000, 0x000000070dd00000|100%| E|CS|TAMS 0x000000070dc00000, 0x000000070dc00000| Complete 
| 181|0x000000070dd00000, 0x000000070de00000, 0x000000070de00000|100%| E|CS|TAMS 0x000000070dd00000, 0x000000070dd00000| Complete 
| 182|0x000000070de00000, 0x000000070df00000, 0x000000070df00000|100%| E|CS|TAMS 0x000000070de00000, 0x000000070de00000| Complete 
| 183|0x000000070df00000, 0x000000070e000000, 0x000000070e000000|100%| E|CS|TAMS 0x000000070df00000, 0x000000070df00000| Complete 
| 184|0x000000070e000000, 0x000000070e100000, 0x000000070e100000|100%| E|CS|TAMS 0x000000070e000000, 0x000000070e000000| Complete 
| 185|0x000000070e100000, 0x000000070e200000, 0x000000070e200000|100%| E|CS|TAMS 0x000000070e100000, 0x000000070e100000| Complete 
| 186|0x000000070e200000, 0x000000070e300000, 0x000000070e300000|100%| E|CS|TAMS 0x000000070e200000, 0x000000070e200000| Complete 
| 187|0x000000070e300000, 0x000000070e400000, 0x000000070e400000|100%| E|CS|TAMS 0x000000070e300000, 0x000000070e300000| Complete 
| 188|0x000000070e400000, 0x000000070e500000, 0x000000070e500000|100%| E|CS|TAMS 0x000000070e400000, 0x000000070e400000| Complete 
| 189|0x000000070e500000, 0x000000070e600000, 0x000000070e600000|100%| E|CS|TAMS 0x000000070e500000, 0x000000070e500000| Complete 
| 190|0x000000070e600000, 0x000000070e700000, 0x000000070e700000|100%| E|CS|TAMS 0x000000070e600000, 0x000000070e600000| Complete 
| 191|0x000000070e700000, 0x000000070e800000, 0x000000070e800000|100%| E|CS|TAMS 0x000000070e700000, 0x000000070e700000| Complete 
| 192|0x000000070e800000, 0x000000070e900000, 0x000000070e900000|100%| E|CS|TAMS 0x000000070e800000, 0x000000070e800000| Complete 
| 193|0x000000070e900000, 0x000000070ea00000, 0x000000070ea00000|100%| E|CS|TAMS 0x000000070e900000, 0x000000070e900000| Complete 
| 194|0x000000070ea00000, 0x000000070eb00000, 0x000000070eb00000|100%| E|CS|TAMS 0x000000070ea00000, 0x000000070ea00000| Complete 
| 195|0x000000070eb00000, 0x000000070ec00000, 0x000000070ec00000|100%| E|CS|TAMS 0x000000070eb00000, 0x000000070eb00000| Complete 
| 196|0x000000070ec00000, 0x000000070ed00000, 0x000000070ed00000|100%| E|CS|TAMS 0x000000070ec00000, 0x000000070ec00000| Complete 
| 197|0x000000070ed00000, 0x000000070ee00000, 0x000000070ee00000|100%| E|CS|TAMS 0x000000070ed00000, 0x000000070ed00000| Complete 
| 198|0x000000070ee00000, 0x000000070ef00000, 0x000000070ef00000|100%| E|CS|TAMS 0x000000070ee00000, 0x000000070ee00000| Complete 
| 199|0x000000070ef00000, 0x000000070f000000, 0x000000070f000000|100%| E|CS|TAMS 0x000000070ef00000, 0x000000070ef00000| Complete 
| 200|0x000000070f000000, 0x000000070f100000, 0x000000070f100000|100%| E|CS|TAMS 0x000000070f000000, 0x000000070f000000| Complete 
| 201|0x000000070f100000, 0x000000070f200000, 0x000000070f200000|100%| E|CS|TAMS 0x000000070f100000, 0x000000070f100000| Complete 
| 202|0x000000070f200000, 0x000000070f300000, 0x000000070f300000|100%| E|CS|TAMS 0x000000070f200000, 0x000000070f200000| Complete 
| 203|0x000000070f300000, 0x000000070f400000, 0x000000070f400000|100%| E|CS|TAMS 0x000000070f300000, 0x000000070f300000| Complete 
| 204|0x000000070f400000, 0x000000070f500000, 0x000000070f500000|100%| E|CS|TAMS 0x000000070f400000, 0x000000070f400000| Complete 
| 205|0x000000070f500000, 0x000000070f600000, 0x000000070f600000|100%| E|CS|TAMS 0x000000070f500000, 0x000000070f500000| Complete 
| 206|0x000000070f600000, 0x000000070f700000, 0x000000070f700000|100%| E|CS|TAMS 0x000000070f600000, 0x000000070f600000| Complete 
| 207|0x000000070f700000, 0x000000070f800000, 0x000000070f800000|100%| E|CS|TAMS 0x000000070f700000, 0x000000070f700000| Complete 
| 208|0x000000070f800000, 0x000000070f900000, 0x000000070f900000|100%| E|CS|TAMS 0x000000070f800000, 0x000000070f800000| Complete 
| 209|0x000000070f900000, 0x000000070fa00000, 0x000000070fa00000|100%| E|CS|TAMS 0x000000070f900000, 0x000000070f900000| Complete 
| 210|0x000000070fa00000, 0x000000070fb00000, 0x000000070fb00000|100%| E|CS|TAMS 0x000000070fa00000, 0x000000070fa00000| Complete 
| 211|0x000000070fb00000, 0x000000070fc00000, 0x000000070fc00000|100%| E|CS|TAMS 0x000000070fb00000, 0x000000070fb00000| Complete 
| 212|0x000000070fc00000, 0x000000070fd00000, 0x000000070fd00000|100%| E|CS|TAMS 0x000000070fc00000, 0x000000070fc00000| Complete 
| 213|0x000000070fd00000, 0x000000070fe00000, 0x000000070fe00000|100%| E|CS|TAMS 0x000000070fd00000, 0x000000070fd00000| Complete 
| 214|0x000000070fe00000, 0x000000070ff00000, 0x000000070ff00000|100%| E|CS|TAMS 0x000000070fe00000, 0x000000070fe00000| Complete 
| 215|0x000000070ff00000, 0x0000000710000000, 0x0000000710000000|100%| E|CS|TAMS 0x000000070ff00000, 0x000000070ff00000| Complete 
| 216|0x0000000710000000, 0x0000000710100000, 0x0000000710100000|100%| E|CS|TAMS 0x0000000710000000, 0x0000000710000000| Complete 
| 217|0x0000000710100000, 0x0000000710200000, 0x0000000710200000|100%| E|CS|TAMS 0x0000000710100000, 0x0000000710100000| Complete 
| 218|0x0000000710200000, 0x0000000710300000, 0x0000000710300000|100%| E|CS|TAMS 0x0000000710200000, 0x0000000710200000| Complete 
| 219|0x0000000710300000, 0x0000000710400000, 0x0000000710400000|100%| E|CS|TAMS 0x0000000710300000, 0x0000000710300000| Complete 
| 220|0x0000000710400000, 0x0000000710500000, 0x0000000710500000|100%| E|CS|TAMS 0x0000000710400000, 0x0000000710400000| Complete 
| 221|0x0000000710500000, 0x0000000710600000, 0x0000000710600000|100%| E|CS|TAMS 0x0000000710500000, 0x0000000710500000| Complete 
| 222|0x0000000710600000, 0x0000000710700000, 0x0000000710700000|100%| E|CS|TAMS 0x0000000710600000, 0x0000000710600000| Complete 
| 223|0x0000000710700000, 0x0000000710800000, 0x0000000710800000|100%| E|CS|TAMS 0x0000000710700000, 0x0000000710700000| Complete 
| 224|0x0000000710800000, 0x0000000710900000, 0x0000000710900000|100%| E|CS|TAMS 0x0000000710800000, 0x0000000710800000| Complete 
| 225|0x0000000710900000, 0x0000000710a00000, 0x0000000710a00000|100%| E|CS|TAMS 0x0000000710900000, 0x0000000710900000| Complete 
| 226|0x0000000710a00000, 0x0000000710b00000, 0x0000000710b00000|100%| E|CS|TAMS 0x0000000710a00000, 0x0000000710a00000| Complete 
| 227|0x0000000710b00000, 0x0000000710c00000, 0x0000000710c00000|100%| E|CS|TAMS 0x0000000710b00000, 0x0000000710b00000| Complete 
| 228|0x0000000710c00000, 0x0000000710d00000, 0x0000000710d00000|100%| E|CS|TAMS 0x0000000710c00000, 0x0000000710c00000| Complete 
| 229|0x0000000710d00000, 0x0000000710e00000, 0x0000000710e00000|100%| E|CS|TAMS 0x0000000710d00000, 0x0000000710d00000| Complete 
| 230|0x0000000710e00000, 0x0000000710f00000, 0x0000000710f00000|100%| E|CS|TAMS 0x0000000710e00000, 0x0000000710e00000| Complete 
| 231|0x0000000710f00000, 0x0000000711000000, 0x0000000711000000|100%| E|CS|TAMS 0x0000000710f00000, 0x0000000710f00000| Complete 
| 232|0x0000000711000000, 0x0000000711100000, 0x0000000711100000|100%| E|CS|TAMS 0x0000000711000000, 0x0000000711000000| Complete 
| 233|0x0000000711100000, 0x0000000711200000, 0x0000000711200000|100%| E|CS|TAMS 0x0000000711100000, 0x0000000711100000| Complete 
| 234|0x0000000711200000, 0x0000000711300000, 0x0000000711300000|100%| E|CS|TAMS 0x0000000711200000, 0x0000000711200000| Complete 
| 235|0x0000000711300000, 0x0000000711400000, 0x0000000711400000|100%| E|CS|TAMS 0x0000000711300000, 0x0000000711300000| Complete 
| 236|0x0000000711400000, 0x0000000711500000, 0x0000000711500000|100%| E|CS|TAMS 0x0000000711400000, 0x0000000711400000| Complete 
| 237|0x0000000711500000, 0x0000000711600000, 0x0000000711600000|100%| E|CS|TAMS 0x0000000711500000, 0x0000000711500000| Complete 
| 238|0x0000000711600000, 0x0000000711700000, 0x0000000711700000|100%| E|CS|TAMS 0x0000000711600000, 0x0000000711600000| Complete 
| 239|0x0000000711700000, 0x0000000711800000, 0x0000000711800000|100%| E|CS|TAMS 0x0000000711700000, 0x0000000711700000| Complete 
| 240|0x0000000711800000, 0x0000000711900000, 0x0000000711900000|100%| E|CS|TAMS 0x0000000711800000, 0x0000000711800000| Complete 
| 241|0x0000000711900000, 0x0000000711a00000, 0x0000000711a00000|100%| E|CS|TAMS 0x0000000711900000, 0x0000000711900000| Complete 
| 242|0x0000000711a00000, 0x0000000711b00000, 0x0000000711b00000|100%| E|CS|TAMS 0x0000000711a00000, 0x0000000711a00000| Complete 
| 243|0x0000000711b00000, 0x0000000711c00000, 0x0000000711c00000|100%| E|CS|TAMS 0x0000000711b00000, 0x0000000711b00000| Complete 
| 244|0x0000000711c00000, 0x0000000711d00000, 0x0000000711d00000|100%| E|CS|TAMS 0x0000000711c00000, 0x0000000711c00000| Complete 
| 245|0x0000000711d00000, 0x0000000711e00000, 0x0000000711e00000|100%| E|CS|TAMS 0x0000000711d00000, 0x0000000711d00000| Complete 
| 246|0x0000000711e00000, 0x0000000711f00000, 0x0000000711f00000|100%| E|CS|TAMS 0x0000000711e00000, 0x0000000711e00000| Complete 
| 247|0x0000000711f00000, 0x0000000712000000, 0x0000000712000000|100%| E|CS|TAMS 0x0000000711f00000, 0x0000000711f00000| Complete 
| 248|0x0000000712000000, 0x0000000712100000, 0x0000000712100000|100%| E|CS|TAMS 0x0000000712000000, 0x0000000712000000| Complete 
| 249|0x0000000712100000, 0x0000000712200000, 0x0000000712200000|100%| E|CS|TAMS 0x0000000712100000, 0x0000000712100000| Complete 
| 250|0x0000000712200000, 0x0000000712300000, 0x0000000712300000|100%| E|CS|TAMS 0x0000000712200000, 0x0000000712200000| Complete 
| 251|0x0000000712300000, 0x0000000712400000, 0x0000000712400000|100%| E|CS|TAMS 0x0000000712300000, 0x0000000712300000| Complete 
| 252|0x0000000712400000, 0x0000000712500000, 0x0000000712500000|100%| E|CS|TAMS 0x0000000712400000, 0x0000000712400000| Complete 
| 253|0x0000000712500000, 0x0000000712600000, 0x0000000712600000|100%| E|CS|TAMS 0x0000000712500000, 0x0000000712500000| Complete 

Card table byte_map: [0x000001e6ff2c0000,0x000001e6ffab0000] _byte_map_base: 0x000001e6fbaac000

Marking Bits (Prev, Next): (CMBitMap*) 0x000001e6f4fde4f8, (CMBitMap*) 0x000001e6f4fde530
 Prev Bits: [0x000001e68f7f0000, 0x000001e693750000)
 Next Bits: [0x000001e693750000, 0x000001e6976b0000)

Polling page: 0x000001e6f68d0000

Metaspace:

Usage:
  Non-class:     40.31 MB capacity,    39.52 MB ( 98%) used,   633.49 KB (  2%) free+waste,   180.06 KB ( <1%) overhead. 
      Class:      5.99 MB capacity,     5.31 MB ( 89%) used,   605.64 KB ( 10%) free+waste,    94.81 KB (  2%) overhead. 
       Both:     46.30 MB capacity,    44.82 MB ( 97%) used,     1.21 MB (  3%) free+waste,   274.88 KB ( <1%) overhead. 

Virtual space:
  Non-class space:       42.00 MB reserved,      40.50 MB ( 96%) committed 
      Class space:        1.00 GB reserved,       6.00 MB ( <1%) committed 
             Both:        1.04 GB reserved,      46.50 MB (  4%) committed 

Chunk freelists:
   Non-Class:  0 bytes
       Class:  1.38 KB
        Both:  1.38 KB

CodeHeap 'non-profiled nmethods': size=120000Kb used=3770Kb max_used=3770Kb free=116229Kb
 bounds [0x000001e687ad0000, 0x000001e687e80000, 0x000001e68f000000]
CodeHeap 'profiled nmethods': size=120000Kb used=14013Kb max_used=14013Kb free=105987Kb
 bounds [0x000001e6805a0000, 0x000001e681350000, 0x000001e687ad0000]
CodeHeap 'non-nmethods': size=5760Kb used=1665Kb max_used=1720Kb free=4094Kb
 bounds [0x000001e680000000, 0x000001e680270000, 0x000001e6805a0000]
 total_blobs=7241 nmethods=6396 adapters=753
 compilation: enabled
              stopped_count=0, restarted_count=0
 full_count=0

Compilation events (10 events):
Event: 22.053 Thread 0x000001e69a603800 6428       3       org.codehaus.groovy.reflection.ParameterTypes::getParameterTypes (16 bytes)
Event: 22.054 Thread 0x000001e69a603800 nmethod 6428 0x000001e681343c90 code [0x000001e681343e40, 0x000001e681343fc8]
Event: 22.056 Thread 0x000001e69fd76800 6429       4       java.util.regex.Pattern$BmpCharProperty::match (55 bytes)
Event: 22.057 Thread 0x000001e69a603800 6430       3       java.lang.StringCoding::decodeUTF8 (45 bytes)
Event: 22.057 Thread 0x000001e69a5f7000 nmethod 6423 0x000001e687e7c710 code [0x000001e687e7c8a0, 0x000001e687e7cd18]
Event: 22.057 Thread 0x000001e69a603800 nmethod 6430 0x000001e681344090 code [0x000001e681344280, 0x000001e681344718]
Event: 22.059 Thread 0x000001e69a603800 6431   !   3       jdk.internal.loader.URLClassPath::checkURL (16 bytes)
Event: 22.059 Thread 0x000001e69a603800 nmethod 6431 0x000001e681344890 code [0x000001e681344a40, 0x000001e681344be8]
Event: 22.062 Thread 0x000001e69d0d1800 nmethod 6426 0x000001e687e7cf10 code [0x000001e687e7d0a0, 0x000001e687e7d6e8]
Event: 22.064 Thread 0x000001e69fd76800 nmethod 6429 0x000001e687e7d810 code [0x000001e687e7d9c0, 0x000001e687e7dce8]

GC Heap History (10 events):
Event: 1.981 GC heap before
{Heap before GC invocations=0 (full 0):
 garbage-first heap   total 260096K, used 23552K [0x0000000702800000, 0x0000000800000000)
  region size 1024K, 24 young (24576K), 0 survivors (0K)
 Metaspace       used 14840K, capacity 15244K, committed 15616K, reserved 1062912K
  class space    used 1504K, capacity 1666K, committed 1792K, reserved 1048576K
}
Event: 2.016 GC heap after
{Heap after GC invocations=1 (full 0):
 garbage-first heap   total 260096K, used 4791K [0x0000000702800000, 0x0000000800000000)
  region size 1024K, 3 young (3072K), 3 survivors (3072K)
 Metaspace       used 14840K, capacity 15244K, committed 15616K, reserved 1062912K
  class space    used 1504K, capacity 1666K, committed 1792K, reserved 1048576K
}
Event: 2.485 GC heap before
{Heap before GC invocations=1 (full 0):
 garbage-first heap   total 260096K, used 25271K [0x0000000702800000, 0x0000000800000000)
  region size 1024K, 24 young (24576K), 3 survivors (3072K)
 Metaspace       used 17106K, capacity 17629K, committed 17920K, reserved 1064960K
  class space    used 1737K, capacity 1951K, committed 2048K, reserved 1048576K
}
Event: 2.494 GC heap after
{Heap after GC invocations=2 (full 0):
 garbage-first heap   total 260096K, used 9357K [0x0000000702800000, 0x0000000800000000)
  region size 1024K, 3 young (3072K), 3 survivors (3072K)
 Metaspace       used 17106K, capacity 17629K, committed 17920K, reserved 1064960K
  class space    used 1737K, capacity 1951K, committed 2048K, reserved 1048576K
}
Event: 3.214 GC heap before
{Heap before GC invocations=2 (full 0):
 garbage-first heap   total 260096K, used 59533K [0x0000000702800000, 0x0000000800000000)
  region size 1024K, 52 young (53248K), 3 survivors (3072K)
 Metaspace       used 18979K, capacity 19550K, committed 19712K, reserved 1067008K
  class space    used 1973K, capacity 2226K, committed 2304K, reserved 1048576K
}
Event: 3.222 GC heap after
{Heap after GC invocations=3 (full 0):
 garbage-first heap   total 260096K, used 11776K [0x0000000702800000, 0x0000000800000000)
  region size 1024K, 6 young (6144K), 6 survivors (6144K)
 Metaspace       used 18979K, capacity 19550K, committed 19712K, reserved 1067008K
  class space    used 1973K, capacity 2226K, committed 2304K, reserved 1048576K
}
Event: 3.643 GC heap before
{Heap before GC invocations=3 (full 0):
 garbage-first heap   total 260096K, used 31232K [0x0000000702800000, 0x0000000800000000)
  region size 1024K, 26 young (26624K), 6 survivors (6144K)
 Metaspace       used 20453K, capacity 21121K, committed 21248K, reserved 1069056K
  class space    used 2162K, capacity 2481K, committed 2560K, reserved 1048576K
}
Event: 3.653 GC heap after
{Heap after GC invocations=4 (full 0):
 garbage-first heap   total 260096K, used 13512K [0x0000000702800000, 0x0000000800000000)
  region size 1024K, 5 young (5120K), 5 survivors (5120K)
 Metaspace       used 20453K, capacity 21121K, committed 21248K, reserved 1069056K
  class space    used 2162K, capacity 2481K, committed 2560K, reserved 1048576K
}
Event: 5.847 GC heap before
{Heap before GC invocations=5 (full 0):
 garbage-first heap   total 260096K, used 90312K [0x0000000702800000, 0x0000000800000000)
  region size 1024K, 81 young (82944K), 5 survivors (5120K)
 Metaspace       used 30360K, capacity 31375K, committed 31616K, reserved 1077248K
  class space    used 3489K, capacity 3958K, committed 3968K, reserved 1048576K
}
Event: 5.873 GC heap after
{Heap after GC invocations=6 (full 0):
 garbage-first heap   total 260096K, used 24182K [0x0000000702800000, 0x0000000800000000)
  region size 1024K, 11 young (11264K), 11 survivors (11264K)
 Metaspace       used 30360K, capacity 31375K, committed 31616K, reserved 1077248K
  class space    used 3489K, capacity 3958K, committed 3968K, reserved 1048576K
}

Deoptimization events (10 events):
Event: 21.534 Thread 0x000001e69c165800 Uncommon trap: reason=class_check action=maybe_recompile pc=0x000001e687bc7e38 method=java.lang.reflect.Array.newInstance(Ljava/lang/Class;I)Ljava/lang/Object; @ 2 c2
Event: 21.535 Thread 0x000001e69c165800 Uncommon trap: reason=class_check action=maybe_recompile pc=0x000001e687bc7e38 method=java.lang.reflect.Array.newInstance(Ljava/lang/Class;I)Ljava/lang/Object; @ 2 c2
Event: 21.535 Thread 0x000001e69c165800 Uncommon trap: reason=class_check action=maybe_recompile pc=0x000001e687bc7e38 method=java.lang.reflect.Array.newInstance(Ljava/lang/Class;I)Ljava/lang/Object; @ 2 c2
Event: 21.541 Thread 0x000001e69c165800 Uncommon trap: reason=class_check action=maybe_recompile pc=0x000001e687c7b2fc method=java.lang.reflect.Executable.declaredAnnotations()Ljava/util/Map; @ 23 c2
Event: 21.541 Thread 0x000001e69c165800 Uncommon trap: reason=class_check action=maybe_recompile pc=0x000001e687c7b2fc method=java.lang.reflect.Executable.declaredAnnotations()Ljava/util/Map; @ 23 c2
Event: 21.708 Thread 0x000001e69c165800 Uncommon trap: reason=unstable_if action=reinterpret pc=0x000001e687d3f8a8 method=org.codehaus.groovy.reflection.ParameterTypes.correctArguments([Ljava/lang/Object;)[Ljava/lang/Object; @ 60 c2
Event: 22.040 Thread 0x000001e69c165800 Uncommon trap: reason=class_check action=maybe_recompile pc=0x000001e687b514e0 method=java.util.regex.Pattern$BmpCharProperty.match(Ljava/util/regex/Matcher;ILjava/lang/CharSequence;)Z @ 19 c2
Event: 22.040 Thread 0x000001e69c165800 Uncommon trap: reason=class_check action=maybe_recompile pc=0x000001e687b514e0 method=java.util.regex.Pattern$BmpCharProperty.match(Ljava/util/regex/Matcher;ILjava/lang/CharSequence;)Z @ 19 c2
Event: 22.040 Thread 0x000001e69c165800 Uncommon trap: reason=class_check action=maybe_recompile pc=0x000001e687b514e0 method=java.util.regex.Pattern$BmpCharProperty.match(Ljava/util/regex/Matcher;ILjava/lang/CharSequence;)Z @ 19 c2
Event: 22.040 Thread 0x000001e69c165800 Uncommon trap: reason=class_check action=maybe_recompile pc=0x000001e687b514e0 method=java.util.regex.Pattern$BmpCharProperty.match(Ljava/util/regex/Matcher;ILjava/lang/CharSequence;)Z @ 19 c2

Classes redefined (0 events):
No events

Internal exceptions (10 events):
Event: 21.254 Thread 0x000001e69c165800 Implicit null exception at 0x000001e687b90b65 to 0x000001e687b90c30
Event: 21.305 Thread 0x000001e69c165800 Implicit null exception at 0x000001e687b70213 to 0x000001e687b70390
Event: 21.314 Thread 0x000001e69c165800 Exception <a 'java/lang/NoSuchMethodError'{0x000000070af73be8}: java.lang.invoke.DirectMethodHandle$Holder.invokeSpecialIFC(Ljava/lang/Object;Ljava/lang/Object;Ljava/lang/Object;)V> (0x000000070af73be8) thrown at [./open/src/hotspot/share/interpreter/link
Event: 21.625 Thread 0x000001e69c165800 Exception <a 'java/lang/NoSuchMethodError'{0x000000070a69e428}: java.lang.invoke.DirectMethodHandle$Holder.invokeStatic(Ljava/lang/Object;ILjava/lang/Object;Ljava/lang/Object;)I> (0x000000070a69e428) thrown at [./open/src/hotspot/share/interpreter/linkRes
Event: 21.700 Thread 0x000001e69c165800 Exception <a 'java/lang/ClassNotFoundException'{0x000000070a40c098}: com/optum/day1project/utilities/JavaConfigBeanInfo> (0x000000070a40c098) thrown at [./open/src/hotspot/share/classfile/systemDictionary.cpp, line 226]
Event: 21.702 Thread 0x000001e69c165800 Exception <a 'java/lang/ClassNotFoundException'{0x000000070a41ce30}: com/optum/day1project/utilities/JavaConfigCustomizer> (0x000000070a41ce30) thrown at [./open/src/hotspot/share/classfile/systemDictionary.cpp, line 226]
Event: 21.990 Thread 0x000001e69c165800 Exception <a 'java/lang/NoSuchMethodError'{0x0000000709e85a70}: java.lang.Class.isSealed()Z> (0x0000000709e85a70) thrown at [./open/src/hotspot/share/interpreter/linkResolver.cpp, line 772]
Event: 21.990 Thread 0x000001e69c165800 Exception <a 'java/lang/NoSuchMethodError'{0x0000000709e86f70}: java.lang.Class.getPermittedSubclasses()[Ljava/lang/Class;> (0x0000000709e86f70) thrown at [./open/src/hotspot/share/interpreter/linkResolver.cpp, line 772]
Event: 22.060 Thread 0x000001e69c165800 Exception <a 'java/lang/ExceptionInInitializerError'{0x0000000709c5a858}> (0x0000000709c5a858) thrown at [./open/src/hotspot/share/oops/instanceKlass.cpp, line 1029]
Event: 22.060 Thread 0x000001e69c165800 Exception <a 'java/lang/ExceptionInInitializerError'{0x0000000709c5a858}> (0x0000000709c5a858) thrown at [./open/src/hotspot/share/oops/instanceKlass.cpp, line 1024]

Events (10 events):
Event: 22.055 Executing VM operation: RevokeBias
Event: 22.055 Executing VM operation: RevokeBias done
Event: 22.056 Executing VM operation: RevokeBias
Event: 22.056 Executing VM operation: RevokeBias done
Event: 22.056 Executing VM operation: RevokeBias
Event: 22.056 Executing VM operation: RevokeBias done
Event: 22.057 Executing VM operation: RevokeBias
Event: 22.057 Executing VM operation: RevokeBias done
Event: 22.060 loading class java/lang/ExceptionInInitializerError
Event: 22.060 loading class java/lang/ExceptionInInitializerError done


Dynamic libraries:
0x00007ff72bed0000 - 0x00007ff72bedf000 	C:\Program Files\Java\jdk-11.0.15\bin\javaw.exe
0x00007ffca6bb0000 - 0x00007ffca6dc4000 	C:\WINDOWS\SYSTEM32\ntdll.dll
0x00007ffca5c10000 - 0x00007ffca5cd3000 	C:\WINDOWS\System32\KERNEL32.DLL
0x00007ffca4570000 - 0x00007ffca490c000 	C:\WINDOWS\System32\KERNELBASE.dll
0x00007ffca40f0000 - 0x00007ffca4201000 	C:\WINDOWS\System32\ucrtbase.dll
0x00007ffc6cef0000 - 0x00007ffc6cf08000 	C:\Program Files\Java\jdk-11.0.15\bin\jli.dll
0x00007ffc6ced0000 - 0x00007ffc6cee5000 	C:\Program Files\Java\jdk-11.0.15\bin\VCRUNTIME140.dll
0x00007ffca4a90000 - 0x00007ffca4b3e000 	C:\WINDOWS\System32\ADVAPI32.dll
0x00007ffca5e00000 - 0x00007ffca5ea7000 	C:\WINDOWS\System32\msvcrt.dll
0x00007ffca5fd0000 - 0x00007ffca6074000 	C:\WINDOWS\System32\sechost.dll
0x00007ffca6130000 - 0x00007ffca6245000 	C:\WINDOWS\System32\RPCRT4.dll
0x00007ffca4b40000 - 0x00007ffca4ced000 	C:\WINDOWS\System32\USER32.dll
0x00007ffca4380000 - 0x00007ffca43a6000 	C:\WINDOWS\System32\win32u.dll
0x00007ffc92cc0000 - 0x00007ffc92f4e000 	C:\WINDOWS\WinSxS\amd64_microsoft.windows.common-controls_6595b64144ccf1df_6.0.22621.608_none_a9444ca7c10bb01d\COMCTL32.dll
0x00007ffca4cf0000 - 0x00007ffca4d19000 	C:\WINDOWS\System32\GDI32.dll
0x00007ffca43b0000 - 0x00007ffca44c2000 	C:\WINDOWS\System32\gdi32full.dll
0x00007ffca44d0000 - 0x00007ffca456a000 	C:\WINDOWS\System32\msvcp_win.dll
0x00007ffc98e70000 - 0x00007ffc98e7a000 	C:\WINDOWS\SYSTEM32\VERSION.dll
0x00007ffca5eb0000 - 0x00007ffca5ee2000 	C:\WINDOWS\System32\IMM32.DLL
0x00007ffc61050000 - 0x00007ffc610eb000 	C:\Program Files\Java\jdk-11.0.15\bin\msvcp140.dll
0x00007ffc60530000 - 0x00007ffc61046000 	C:\Program Files\Java\jdk-11.0.15\bin\server\jvm.dll
0x00007ffca6650000 - 0x00007ffca6658000 	C:\WINDOWS\System32\PSAPI.DLL
0x00007ffc9c1a0000 - 0x00007ffc9c1d4000 	C:\WINDOWS\SYSTEM32\WINMM.dll
0x00007ffc8cbd0000 - 0x00007ffc8cbd9000 	C:\WINDOWS\SYSTEM32\WSOCK32.dll
0x00007ffca5580000 - 0x00007ffca55f1000 	C:\WINDOWS\System32\WS2_32.dll
0x00007ffca2f80000 - 0x00007ffca2f98000 	C:\WINDOWS\SYSTEM32\kernel.appcore.dll
0x00007ffc6c160000 - 0x00007ffc6c170000 	C:\Program Files\Java\jdk-11.0.15\bin\verify.dll
0x00007ffca1af0000 - 0x00007ffca1d1e000 	C:\WINDOWS\SYSTEM32\DBGHELP.DLL
0x00007ffca62b0000 - 0x00007ffca663a000 	C:\WINDOWS\System32\combase.dll
0x00007ffca6880000 - 0x00007ffca6957000 	C:\WINDOWS\System32\OLEAUT32.dll
0x00007ffc98ec0000 - 0x00007ffc98ef2000 	C:\WINDOWS\SYSTEM32\dbgcore.DLL
0x00007ffca4910000 - 0x00007ffca498b000 	C:\WINDOWS\System32\bcryptPrimitives.dll
0x00007ffc602d0000 - 0x00007ffc602f8000 	C:\Program Files\Java\jdk-11.0.15\bin\java.dll
0x00007ffc659c0000 - 0x00007ffc659ca000 	C:\Program Files\Java\jdk-11.0.15\bin\jimage.dll
0x00007ffc657b0000 - 0x00007ffc657c6000 	C:\Program Files\Java\jdk-11.0.15\bin\zip.dll
0x00007ffca4d70000 - 0x00007ffca555f000 	C:\WINDOWS\System32\SHELL32.dll
0x00007ffca1f60000 - 0x00007ffca2828000 	C:\WINDOWS\SYSTEM32\windows.storage.dll
0x00007ffca1e20000 - 0x00007ffca1f5e000 	C:\WINDOWS\SYSTEM32\wintypes.dll
0x00007ffca5a80000 - 0x00007ffca5b71000 	C:\WINDOWS\System32\SHCORE.dll
0x00007ffca6250000 - 0x00007ffca62ae000 	C:\WINDOWS\System32\shlwapi.dll
0x00007ffca3ef0000 - 0x00007ffca3f11000 	C:\WINDOWS\SYSTEM32\profapi.dll
0x00007ffc6c2a0000 - 0x00007ffc6c2b9000 	C:\Program Files\Java\jdk-11.0.15\bin\net.dll
0x00007ffc9c050000 - 0x00007ffc9c17f000 	C:\WINDOWS\SYSTEM32\WINHTTP.dll
0x00007ffca3430000 - 0x00007ffca3499000 	C:\WINDOWS\system32\mswsock.dll
0x00007ffc615c0000 - 0x00007ffc615d2000 	C:\Program Files\Java\jdk-11.0.15\bin\nio.dll
0x00007ffc91ad0000 - 0x00007ffc91ad9000 	C:\Program Files\Java\jdk-11.0.15\bin\prefs.dll
0x00007ffc78b60000 - 0x00007ffc78cfa000 	C:\Program Files\Java\jdk-11.0.15\bin\awt.dll
0x00007ffca10f0000 - 0x00007ffca1187000 	C:\WINDOWS\SYSTEM32\apphelp.dll
0x00007ffca11b0000 - 0x00007ffca125b000 	C:\WINDOWS\system32\uxtheme.dll
0x00007ffca5ce0000 - 0x00007ffca5dfe000 	C:\WINDOWS\System32\MSCTF.dll
0x00007ffca6960000 - 0x00007ffca6afc000 	C:\WINDOWS\System32\ole32.dll
0x00007ffca14d0000 - 0x00007ffca14fb000 	C:\WINDOWS\system32\DWMAPI.DLL
0x00007ffc98e80000 - 0x00007ffc98e97000 	C:\WINDOWS\system32\napinsp.dll
0x00007ffc88d60000 - 0x00007ffc88d7b000 	C:\WINDOWS\system32\pnrpnsp.dll
0x00007ffca2af0000 - 0x00007ffca2be3000 	C:\WINDOWS\SYSTEM32\DNSAPI.dll
0x00007ffca2a80000 - 0x00007ffca2aad000 	C:\WINDOWS\SYSTEM32\IPHLPAPI.DLL
0x00007ffca6b00000 - 0x00007ffca6b09000 	C:\WINDOWS\System32\NSI.dll
0x00007ffc88ae0000 - 0x00007ffc88af1000 	C:\WINDOWS\System32\winrnr.dll
0x00007ffc9c180000 - 0x00007ffc9c195000 	C:\WINDOWS\system32\wshbth.dll
0x00007ffc88980000 - 0x00007ffc889a1000 	C:\WINDOWS\system32\nlansp_c.dll
0x00007ffc9a530000 - 0x00007ffc9a53a000 	C:\Windows\System32\rasadhlp.dll
0x00007ffc9a890000 - 0x00007ffc9a913000 	C:\WINDOWS\System32\fwpuclnt.dll
0x00007ffc64970000 - 0x00007ffc64a70000 	C:\WINDOWS\system32\opengl32.dll
0x00007ffc64940000 - 0x00007ffc6496d000 	C:\WINDOWS\SYSTEM32\GLU32.dll
0x00007ffca1290000 - 0x00007ffca12c6000 	C:\WINDOWS\SYSTEM32\dxcore.dll
0x00007ffc54f50000 - 0x00007ffc54fd6000 	C:\Program Files\Java\jdk-11.0.15\bin\freetype.dll
0x00007ffc52e50000 - 0x00007ffc52ef5000 	C:\Program Files\Java\jdk-11.0.15\bin\fontmanager.dll
0x00007ffca4990000 - 0x00007ffca4a87000 	C:\WINDOWS\System32\COMDLG32.dll
0x00007ffc980b0000 - 0x00007ffc9814a000 	C:\WINDOWS\SYSTEM32\WINSPOOL.DRV
0x00007ffca6080000 - 0x00007ffca6130000 	C:\WINDOWS\System32\clbcatq.dll
0x00007ffc9d800000 - 0x00007ffc9d877000 	C:\WINDOWS\System32\netprofm.dll
0x00007ffc9a760000 - 0x00007ffc9a778000 	C:\WINDOWS\System32\npmproxy.dll
0x00007ffc9c030000 - 0x00007ffc9c049000 	C:\WINDOWS\SYSTEM32\dhcpcsvc6.DLL
0x00007ffc9c010000 - 0x00007ffc9c02f000 	C:\WINDOWS\SYSTEM32\dhcpcsvc.DLL
0x00007ffc161c0000 - 0x00007ffc165a4000 	C:\WINDOWS\System32\DriverStore\FileRepository\prnms003.inf_amd64_267b64c276ecaf71\Amd64\PrintConfig.dll
0x00007ffca34d0000 - 0x00007ffca34f8000 	C:\WINDOWS\SYSTEM32\USERENV.dll
0x00007ffc57fe0000 - 0x00007ffc5800f000 	C:\WINDOWS\SYSTEM32\prntvpt.dll
0x00007ffc8fe20000 - 0x00007ffc900a5000 	C:\Windows\System32\msxml6.dll
0x00007ffc70f60000 - 0x00007ffc71150000 	C:\WINDOWS\SYSTEM32\urlmon.dll
0x00007ffc931e0000 - 0x00007ffc93491000 	C:\Windows\System32\iertutil.dll
0x00007ffca2a40000 - 0x00007ffca2a4c000 	C:\Windows\System32\netutils.dll
0x00007ffc82370000 - 0x00007ffc82398000 	C:\Windows\System32\srvcli.dll
0x00007ffc912b0000 - 0x00007ffc912c3000 	C:\Program Files (x86)\Microsoft Office\root\VFS\ProgramFilesCommonX64\Microsoft Shared\Office16\MSOXMLMF.DLL
0x00007ffc912f0000 - 0x00007ffc912fc000 	C:\Program Files (x86)\Microsoft Office\root\VFS\ProgramFilesCommonX64\Microsoft Shared\Office16\VCRUNTIME140_1.dll
0x00007ffca3870000 - 0x00007ffca3898000 	C:\WINDOWS\SYSTEM32\bcrypt.dll
0x00007ffc54710000 - 0x00007ffc547e6000 	C:\Windows\System32\jscript.dll
0x00007ffc8c6f0000 - 0x00007ffc8c91c000 	C:\Program Files (x86)\Kaspersky Lab\Kaspersky Total Security 21.3\x64\antimalware_provider.dll
0x00007ffca3d40000 - 0x00007ffca3dec000 	C:\WINDOWS\SYSTEM32\sxs.dll
0x00007ffca5f50000 - 0x00007ffca5fcd000 	C:\WINDOWS\System32\coml2.dll
0x00007ffc529b0000 - 0x00007ffc52a83000 	C:\WINDOWS\System32\DriverStore\FileRepository\ntprint.inf_amd64_31bf27a27073370d\Amd64\mxdwdrv.dll
0x00007ffc9cab0000 - 0x00007ffc9cae7000 	C:\WINDOWS\SYSTEM32\XmlLite.dll
0x00007ffc9fd00000 - 0x00007ffc9ff67000 	C:\WINDOWS\SYSTEM32\DWrite.dll
0x00007ffc94150000 - 0x00007ffc94769000 	C:\Windows\System32\OneCoreUAPCommonProxyStub.dll
0x00007ffc59240000 - 0x00007ffc59474000 	C:\WINDOWS\SYSTEM32\opcservices.dll
0x00007ffc86bc0000 - 0x00007ffc86c1b000 	C:\WINDOWS\SYSTEM32\XpsPushLayer.dll
0x00007ffc32910000 - 0x00007ffc32b68000 	C:\WINDOWS\SYSTEM32\xpsservices.dll
0x00007ffc88590000 - 0x00007ffc885b3000 	C:\WINDOWS\system32\FontSub.dll
0x00007ffc9fb50000 - 0x00007ffc9fd00000 	C:\WINDOWS\SYSTEM32\WindowsCodecs.dll
0x00007ffc78740000 - 0x00007ffc7879e000 	C:\WINDOWS\system32\dataexchange.dll
0x00007ffc9df50000 - 0x00007ffc9e1ba000 	C:\WINDOWS\system32\twinapi.appcore.dll
0x00007ffc917b0000 - 0x00007ffc918dd000 	C:\WINDOWS\SYSTEM32\textinputframework.dll
0x00007ffca09f0000 - 0x00007ffca0b23000 	C:\WINDOWS\SYSTEM32\CoreMessaging.dll
0x00007ffc9b470000 - 0x00007ffc9b7dc000 	C:\WINDOWS\SYSTEM32\CoreUIComponents.dll
0x00007ffca3730000 - 0x00007ffca373c000 	C:\WINDOWS\SYSTEM32\CRYPTBASE.DLL

dbghelp: loaded successfully - version: 4.0.5 - missing functions: none
symbol engine: initialized successfully - sym options: 0x614 - pdb path: .;C:\Program Files\Java\jdk-11.0.15\bin;C:\WINDOWS\SYSTEM32;C:\WINDOWS\WinSxS\amd64_microsoft.windows.common-controls_6595b64144ccf1df_6.0.22621.608_none_a9444ca7c10bb01d;C:\Program Files\Java\jdk-11.0.15\bin\server;C:\WINDOWS\System32\DriverStore\FileRepository\prnms003.inf_amd64_267b64c276ecaf71\Amd64;C:\Program Files (x86)\Microsoft Office\root\VFS\ProgramFilesCommonX64\Microsoft Shared\Office16;C:\Program Files (x86)\Kaspersky Lab\Kaspersky Total Security 21.3\x64;C:\WINDOWS\System32\DriverStore\FileRepository\ntprint.inf_amd64_31bf27a27073370d\Amd64

VM Arguments:
jvm_args: -Dgroovy.home=C:\Users\Balasubramaniam/.groovy -Djava.system.class.loader=groovy.lang.GroovyClassLoader -Dfile.encoding=windows-1252 
java_command: org.codehaus.groovy.tools.GroovyStarter --classpath C:\Users\Balasubramaniam\.p2\pool\plugins\org.codehaus.groovy_4.0.9.v202302150023-e2209\lib\groovy-4.0.9.jar;C:\Users\Balasubramaniam\.p2\pool\plugins\org.codehaus.groovy_4.0.9.v202302150023-e2209\lib\ivy-2.5.1.jar;D:\Users\Balasubramaniam\git\repository\groovyeduramp\day1project\bin;D:\Users\Balasubramaniam\git\repository\groovyeduramp\day1project\src;E:\software\A08\file\groovy-xml-3.0.9.jar;E:\software\A08\file\groovy-json-3.0.9.jar;C:\Users\Balasubramaniam\Downloads\groovy-swing-4.0.2.jar --main groovy.console.ui.Console D:\Users\Balasubramaniam\git\repository\groovyeduramp\day1project\src\com\optum\day1project\utilities\ConfigSlurpurDemo.groovy
java_class_path (initial): C:\Users\Balasubramaniam\.p2\pool\plugins\org.codehaus.groovy_4.0.9.v202302150023-e2209\lib\groovy-4.0.9.jar;C:\Users\Balasubramaniam\.p2\pool\plugins\org.codehaus.groovy_4.0.9.v202302150023-e2209\lib\groovy-test-4.0.9.jar;C:\Users\Balasubramaniam\.p2\pool\plugins\org.codehaus.groovy_4.0.9.v202302150023-e2209\lib\ivy-2.5.1.jar;C:\Users\Balasubramaniam\.p2\pool\plugins\org.codehaus.groovy_4.0.9.v202302150023-e2209\lib\console\groovy-console-4.0.9.jar;C:\Users\Balasubramaniam\.p2\pool\plugins\org.codehaus.groovy_4.0.9.v202302150023-e2209\lib\console\groovy-swing-4.0.9.jar;C:\Users\Balasubramaniam\.p2\pool\plugins\org.codehaus.groovy_4.0.9.v202302150023-e2209\lib\console\groovy-templates-4.0.9.jar;C:\Users\Balasubramaniam\.p2\pool\plugins\org.codehaus.groovy_4.0.9.v202302150023-e2209\lib\console\groovy-xml-4.0.9.jar;C:\Users\Balasubramaniam\.p2\pool\plugins\org.codehaus.groovy_4.0.9.v202302150023-e2209\lib\console\javaparser-core-3.25.0.jar
Launcher Type: SUN_STANDARD

[Global flags]
     intx CICompilerCount                          = 4                                         {product} {ergonomic}
     uint ConcGCThreads                            = 2                                         {product} {ergonomic}
     uint G1ConcRefinementThreads                  = 8                                         {product} {ergonomic}
   size_t G1HeapRegionSize                         = 1048576                                   {product} {ergonomic}
    uintx GCDrainStackTargetSize                   = 64                                        {product} {ergonomic}
   size_t InitialHeapSize                          = 266338304                                 {product} {ergonomic}
   size_t MarkStackSize                            = 4194304                                   {product} {ergonomic}
   size_t MaxHeapSize                              = 4253024256                                {product} {ergonomic}
   size_t MaxNewSize                               = 2551185408                                {product} {ergonomic}
   size_t MinHeapDeltaBytes                        = 1048576                                   {product} {ergonomic}
    uintx NonNMethodCodeHeapSize                   = 5836300                                {pd product} {ergonomic}
    uintx NonProfiledCodeHeapSize                  = 122910970                              {pd product} {ergonomic}
    uintx ProfiledCodeHeapSize                     = 122910970                              {pd product} {ergonomic}
    uintx ReservedCodeCacheSize                    = 251658240                              {pd product} {ergonomic}
     bool SegmentedCodeCache                       = true                                      {product} {ergonomic}
     bool UseCompressedClassPointers               = true                                 {lp64_product} {ergonomic}
     bool UseCompressedOops                        = true                                 {lp64_product} {ergonomic}
     bool UseG1GC                                  = true                                      {product} {ergonomic}
     bool UseLargePagesIndividualAllocation        = false                                  {pd product} {ergonomic}

Logging:
Log output configuration:
 #0: stdout all=warning uptime,level,tags
 #1: stderr all=off uptime,level,tags

Environment Variables:
JAVA_HOME=C:\Program Files\Java\jdk-11.0.15
JRE_HOME=C:\Program Files\Java\jdk1.8.0_251\jre
PATH=C:/Users/Balasubramaniam/.p2/pool/plugins/org.eclipse.justj.openjdk.hotspot.jre.full.win32.x86_64_17.0.5.v20221102-0933/jre/bin/server;C:/Users/Balasubramaniam/.p2/pool/plugins/org.eclipse.justj.openjdk.hotspot.jre.full.win32.x86_64_17.0.5.v20221102-0933/jre/bin;C:\Program Files\Common Files\Oracle\Java\javapath;C:\Program Files\Microsoft\jdk-11.0.12.7-hotspot\bin;C:\Python310\Scripts\;C:\Python310\;C:\Program Files\Microsoft SDKs\Azure\Azure Dev Spaces CLI\;E:\app\Balasubramaniam\product\11.2.0\client_2\bin;C:\Program Files (x86)\Microsoft SDKs\Azure\CLI2\wbin;C:\Program Files\Microsoft MPI\Bin\;C:\Perl64\site\bin;C:\Perl64\bin;C:\Windows\system32;C:\Windows;C:\Windows\System32\Wbem;C:\Windows\System32\WindowsPowerShell\v1.0\;C:\Program Files (x86)\NVIDIA Corporation\PhysX\Common;C:\Users\Balasubramaniam\AppData\Local\Programs\Python\Python36;C:\Users\Balasubramaniam\AppData\Local\Programs\Python\Python36\Scripts;D:\Program Files\Amazon\AWSCLI\bin\;C:\Program Files\Microsoft SQL Server\Client SDK\ODBC\170\Tools\Binn\;D:\Program Files (x86)\Graphviz2.38\bin;C:\Program Files\dotnet\;C:\Users\Balasubramaniam\.azure-kubectl;E:\software\A08\file\spring-boot-cli-2.1.5.RELEASE-bin\spring-2.1.5.RELEASE\bin;E:\software\A08\file\apache-maven-3.6.1-bin\apache-maven-3.6.1\bin;E:\software\A08\file\oc;E:\software\A08\file\minishift-1.34.1-windows-amd64;E:\software\A08\file\hadoop-3.1.0.tar\hadoop-3.1.0\bin;C:\Program Files (x86)\Intel\Intel(R) Management Engine Components\DAL;C:\Program Files\Intel\Intel(R) Management Engine Components\DAL;E:\software\A08\file\apache-zookeeper-3.5.6-bin.tar\apache-zookeeper-3.5.6-bin\apache-zookeeper-3.5.6-bin\bin;d:\Program Files\Git LFS;C:\Program Files\Intel\WiFi\bin\;C:\Program Files\Common Files\Intel\WirelessCommon\;D:\Program Files (x86)\scala\bin;C:\Program Files (x86)\Microsoft SQL Server\150\Tools\Binn\;C:\Program Files\Microsoft SQL Server\150\Tools\Binn\;C:\Program Files\Microsoft SQL Server\150\DTS\Binn\;C:\Program Files (x86)\Mic
USERNAME=Balasubramaniam
OS=Windows_NT
PROCESSOR_IDENTIFIER=Intel64 Family 6 Model 142 Stepping 10, GenuineIntel



---------------  S Y S T E M  ---------------

OS: Windows 11 , 64 bit Build 22621 (10.0.22621.1194)
Hyper-V role detected

CPU:total 8 (initial active 8) (4 cores per cpu, 2 threads per core) family 6 model 142 stepping 10 microcode 0xe0, cmov, cx8, fxsr, mmx, sse, sse2, sse3, ssse3, sse4.1, sse4.2, popcnt, avx, avx2, aes, clmul, erms, 3dnowpref, lzcnt, ht, tsc, tscinvbit, bmi1, bmi2, adx, fma

Memory: 4k page, system-wide physical 16217M (1062M free)
TotalPageFile size 34178M (AvailPageFile size 5621M)
current process WorkingSet (physical memory assigned to process): 330M, peak: 330M
current process commit charge ("private bytes"): 457M, peak: 471M

vm_info: Java HotSpot(TM) 64-Bit Server VM (11.0.15+8-LTS-149) for windows-amd64 JRE (11.0.15+8-LTS-149), built on Mar  9 2022 22:42:32 by "mach5one" with MS VC++ 15.9 (VS2017)

END.
